C:\PROGRAM FILES (X86)\STEAM\STEAMAPPS\COMMON\HALF-LIFE\ULTIMATEPOINT\DLLS\EE.DLL
C:\Program Files (x86)\Steam\steamapps\common\Half-Life\ultimatepoint\dlls\ee.exp
C:\PROGRAM FILES (X86)\STEAM\STEAMAPPS\COMMON\HALF-LIFE\ULTIMATEPOINT\DLLS\EE.ILK
C:\Program Files (x86)\Steam\steamapps\common\Half-Life\ultimatepoint\dlls\ee.lib
C:\PROGRAM FILES (X86)\STEAM\STEAMAPPS\COMMON\HALF-LIFE\ULTIMATEPOINT\DLLS\EE.PDB
C:\USERS\Константин\DESKTOP\UP\EXTREME ENGINE V0.3\PROJECTS\VS2010\DEBUG\HLDLL\INT\AFLOCK.OBJ
C:\USERS\Константин\DESKTOP\UP\EXTREME ENGINE V0.3\PROJECTS\VS2010\DEBUG\HLDLL\INT\AGRUNT.OBJ
C:\USERS\Константин\DESKTOP\UP\EXTREME ENGINE V0.3\PROJECTS\VS2010\DEBUG\HLDLL\INT\AIRTANK.OBJ
C:\USERS\Константин\DESKTOP\UP\EXTREME ENGINE V0.3\PROJECTS\VS2010\DEBUG\HLDLL\INT\ANIMATING.OBJ
C:\USERS\Константин\DESKTOP\UP\EXTREME ENGINE V0.3\PROJECTS\VS2010\DEBUG\HLDLL\INT\ANIMATION.OBJ
C:\USERS\Константин\DESKTOP\UP\EXTREME ENGINE V0.3\PROJECTS\VS2010\DEBUG\HLDLL\INT\APACHE.OBJ
C:\USERS\Константин\DESKTOP\UP\EXTREME ENGINE V0.3\PROJECTS\VS2010\DEBUG\HLDLL\INT\BARNACLE.OBJ
C:\USERS\Константин\DESKTOP\UP\EXTREME ENGINE V0.3\PROJECTS\VS2010\DEBUG\HLDLL\INT\BARNEY.OBJ
C:\USERS\Константин\DESKTOP\UP\EXTREME ENGINE V0.3\PROJECTS\VS2010\DEBUG\HLDLL\INT\BIGMOMMA.OBJ
C:\USERS\Константин\DESKTOP\UP\EXTREME ENGINE V0.3\PROJECTS\VS2010\DEBUG\HLDLL\INT\BLOATER.OBJ
C:\USERS\Константин\DESKTOP\UP\EXTREME ENGINE V0.3\PROJECTS\VS2010\DEBUG\HLDLL\INT\BMODELS.OBJ
C:\USERS\Константин\DESKTOP\UP\EXTREME ENGINE V0.3\PROJECTS\VS2010\DEBUG\HLDLL\INT\BULLSQUID.OBJ
C:\USERS\Константин\DESKTOP\UP\EXTREME ENGINE V0.3\PROJECTS\VS2010\DEBUG\HLDLL\INT\BUTTONS.OBJ
C:\USERS\Константин\DESKTOP\UP\EXTREME ENGINE V0.3\PROJECTS\VS2010\DEBUG\HLDLL\INT\CBASE.OBJ
C:\USERS\Константин\DESKTOP\UP\EXTREME ENGINE V0.3\PROJECTS\VS2010\DEBUG\HLDLL\INT\CLIENT.OBJ
C:\USERS\Константин\DESKTOP\UP\EXTREME ENGINE V0.3\PROJECTS\VS2010\DEBUG\HLDLL\INT\COMBAT.OBJ
C:\USERS\Константин\DESKTOP\UP\EXTREME ENGINE V0.3\PROJECTS\VS2010\DEBUG\HLDLL\INT\CONTROLLER.OBJ
C:\USERS\Константин\DESKTOP\UP\EXTREME ENGINE V0.3\PROJECTS\VS2010\DEBUG\HLDLL\INT\CROSSBOW.OBJ
C:\USERS\Константин\DESKTOP\UP\EXTREME ENGINE V0.3\PROJECTS\VS2010\DEBUG\HLDLL\INT\CROWBAR.OBJ
C:\USERS\Константин\DESKTOP\UP\EXTREME ENGINE V0.3\PROJECTS\VS2010\DEBUG\HLDLL\INT\CUSTOMIZE.OBJ
C:\USERS\Константин\DESKTOP\UP\EXTREME ENGINE V0.3\PROJECTS\VS2010\DEBUG\HLDLL\INT\DEFAULTAI.OBJ
C:\USERS\Константин\DESKTOP\UP\EXTREME ENGINE V0.3\PROJECTS\VS2010\DEBUG\HLDLL\INT\DIABLO.OBJ
C:\USERS\Константин\DESKTOP\UP\EXTREME ENGINE V0.3\PROJECTS\VS2010\DEBUG\HLDLL\INT\DOORS.OBJ
C:\USERS\Константин\DESKTOP\UP\EXTREME ENGINE V0.3\PROJECTS\VS2010\DEBUG\HLDLL\INT\EE.DLL.EMBED.MANIFEST
C:\USERS\Константин\DESKTOP\UP\EXTREME ENGINE V0.3\PROJECTS\VS2010\DEBUG\HLDLL\INT\EE.DLL.EMBED.MANIFEST.RES
C:\USERS\Константин\DESKTOP\UP\EXTREME ENGINE V0.3\PROJECTS\VS2010\DEBUG\HLDLL\INT\EFFECTS.OBJ
C:\USERS\Константин\DESKTOP\UP\EXTREME ENGINE V0.3\PROJECTS\VS2010\DEBUG\HLDLL\INT\EGON.OBJ
C:\USERS\Константин\DESKTOP\UP\EXTREME ENGINE V0.3\PROJECTS\VS2010\DEBUG\HLDLL\INT\EXPLODE.OBJ
C:\USERS\Константин\DESKTOP\UP\EXTREME ENGINE V0.3\PROJECTS\VS2010\DEBUG\HLDLL\INT\FLYINGMONSTER.OBJ
C:\USERS\Константин\DESKTOP\UP\EXTREME ENGINE V0.3\PROJECTS\VS2010\DEBUG\HLDLL\INT\FUNC_BREAK.OBJ
C:\USERS\Константин\DESKTOP\UP\EXTREME ENGINE V0.3\PROJECTS\VS2010\DEBUG\HLDLL\INT\FUNC_TANK.OBJ
C:\USERS\Константин\DESKTOP\UP\EXTREME ENGINE V0.3\PROJECTS\VS2010\DEBUG\HLDLL\INT\GAME.OBJ
C:\USERS\Константин\DESKTOP\UP\EXTREME ENGINE V0.3\PROJECTS\VS2010\DEBUG\HLDLL\INT\GAMERULES.OBJ
C:\USERS\Константин\DESKTOP\UP\EXTREME ENGINE V0.3\PROJECTS\VS2010\DEBUG\HLDLL\INT\GARGANTUA.OBJ
C:\USERS\Константин\DESKTOP\UP\EXTREME ENGINE V0.3\PROJECTS\VS2010\DEBUG\HLDLL\INT\GAUSS.OBJ
C:\USERS\Константин\DESKTOP\UP\EXTREME ENGINE V0.3\PROJECTS\VS2010\DEBUG\HLDLL\INT\GENERICMONSTER.OBJ
C:\USERS\Константин\DESKTOP\UP\EXTREME ENGINE V0.3\PROJECTS\VS2010\DEBUG\HLDLL\INT\GGRENADE.OBJ
C:\USERS\Константин\DESKTOP\UP\EXTREME ENGINE V0.3\PROJECTS\VS2010\DEBUG\HLDLL\INT\GLOBALS.OBJ
C:\USERS\Константин\DESKTOP\UP\EXTREME ENGINE V0.3\PROJECTS\VS2010\DEBUG\HLDLL\INT\GMAN.OBJ
C:\USERS\Константин\DESKTOP\UP\EXTREME ENGINE V0.3\PROJECTS\VS2010\DEBUG\HLDLL\INT\H_AI.OBJ
C:\USERS\Константин\DESKTOP\UP\EXTREME ENGINE V0.3\PROJECTS\VS2010\DEBUG\HLDLL\INT\H_BATTERY.OBJ
C:\USERS\Константин\DESKTOP\UP\EXTREME ENGINE V0.3\PROJECTS\VS2010\DEBUG\HLDLL\INT\H_CINE.OBJ
C:\USERS\Константин\DESKTOP\UP\EXTREME ENGINE V0.3\PROJECTS\VS2010\DEBUG\HLDLL\INT\H_CYCLER.OBJ
C:\USERS\Константин\DESKTOP\UP\EXTREME ENGINE V0.3\PROJECTS\VS2010\DEBUG\HLDLL\INT\H_EXPORT.OBJ
C:\USERS\Константин\DESKTOP\UP\EXTREME ENGINE V0.3\PROJECTS\VS2010\DEBUG\HLDLL\INT\HANDGRENADE.OBJ
C:\USERS\Константин\DESKTOP\UP\EXTREME ENGINE V0.3\PROJECTS\VS2010\DEBUG\HLDLL\INT\HASSASSIN.OBJ
C:\USERS\Константин\DESKTOP\UP\EXTREME ENGINE V0.3\PROJECTS\VS2010\DEBUG\HLDLL\INT\HEADCRAB.OBJ
C:\USERS\Константин\DESKTOP\UP\EXTREME ENGINE V0.3\PROJECTS\VS2010\DEBUG\HLDLL\INT\HEALTHKIT.OBJ
C:\USERS\Константин\DESKTOP\UP\EXTREME ENGINE V0.3\PROJECTS\VS2010\DEBUG\HLDLL\INT\HGRUNT.OBJ
C:\USERS\Константин\DESKTOP\UP\EXTREME ENGINE V0.3\PROJECTS\VS2010\DEBUG\HLDLL\INT\HL_WPN_GLOCK.OBJ
C:\USERS\Константин\DESKTOP\UP\EXTREME ENGINE V0.3\PROJECTS\VS2010\DEBUG\HLDLL\INT\HORNET.OBJ
C:\USERS\Константин\DESKTOP\UP\EXTREME ENGINE V0.3\PROJECTS\VS2010\DEBUG\HLDLL\INT\HORNETGUN.OBJ
C:\USERS\Константин\DESKTOP\UP\EXTREME ENGINE V0.3\PROJECTS\VS2010\DEBUG\HLDLL\INT\HOUNDEYE.OBJ
C:\USERS\Константин\DESKTOP\UP\EXTREME ENGINE V0.3\PROJECTS\VS2010\DEBUG\HLDLL\INT\ICHTHYOSAUR.OBJ
C:\USERS\Константин\DESKTOP\UP\EXTREME ENGINE V0.3\PROJECTS\VS2010\DEBUG\HLDLL\INT\ISLAVE.OBJ
C:\USERS\Константин\DESKTOP\UP\EXTREME ENGINE V0.3\PROJECTS\VS2010\DEBUG\HLDLL\INT\ISOTOPEBOX.OBJ
C:\USERS\Константин\DESKTOP\UP\EXTREME ENGINE V0.3\PROJECTS\VS2010\DEBUG\HLDLL\INT\ITEMS.OBJ
C:\USERS\Константин\DESKTOP\UP\EXTREME ENGINE V0.3\PROJECTS\VS2010\DEBUG\HLDLL\INT\LEECH.OBJ
C:\USERS\Константин\DESKTOP\UP\EXTREME ENGINE V0.3\PROJECTS\VS2010\DEBUG\HLDLL\INT\LIGHTS.OBJ
C:\USERS\Константин\DESKTOP\UP\EXTREME ENGINE V0.3\PROJECTS\VS2010\DEBUG\HLDLL\INT\MAPRULES.OBJ
C:\USERS\Константин\DESKTOP\UP\EXTREME ENGINE V0.3\PROJECTS\VS2010\DEBUG\HLDLL\INT\MODEL.OBJ
C:\USERS\Константин\DESKTOP\UP\EXTREME ENGINE V0.3\PROJECTS\VS2010\DEBUG\HLDLL\INT\MONSTERMAKER.OBJ
C:\USERS\Константин\DESKTOP\UP\EXTREME ENGINE V0.3\PROJECTS\VS2010\DEBUG\HLDLL\INT\MONSTERS.OBJ
C:\USERS\Константин\DESKTOP\UP\EXTREME ENGINE V0.3\PROJECTS\VS2010\DEBUG\HLDLL\INT\MONSTERSTATE.OBJ
C:\USERS\Константин\DESKTOP\UP\EXTREME ENGINE V0.3\PROJECTS\VS2010\DEBUG\HLDLL\INT\MORTAR.OBJ
C:\USERS\Константин\DESKTOP\UP\EXTREME ENGINE V0.3\PROJECTS\VS2010\DEBUG\HLDLL\INT\MP5.OBJ
C:\USERS\Константин\DESKTOP\UP\EXTREME ENGINE V0.3\PROJECTS\VS2010\DEBUG\HLDLL\INT\MRFRIENDLY.OBJ
C:\USERS\Константин\DESKTOP\UP\EXTREME ENGINE V0.3\PROJECTS\VS2010\DEBUG\HLDLL\INT\MULTIPLAY_GAMERULES.OBJ
C:\USERS\Константин\DESKTOP\UP\EXTREME ENGINE V0.3\PROJECTS\VS2010\DEBUG\HLDLL\INT\NIHILANTH.OBJ
C:\USERS\Константин\DESKTOP\UP\EXTREME ENGINE V0.3\PROJECTS\VS2010\DEBUG\HLDLL\INT\NODES.OBJ
C:\USERS\Константин\DESKTOP\UP\EXTREME ENGINE V0.3\PROJECTS\VS2010\DEBUG\HLDLL\INT\OBSERVER.OBJ
C:\USERS\Константин\DESKTOP\UP\EXTREME ENGINE V0.3\PROJECTS\VS2010\DEBUG\HLDLL\INT\OSPREY.OBJ
C:\USERS\Константин\DESKTOP\UP\EXTREME ENGINE V0.3\PROJECTS\VS2010\DEBUG\HLDLL\INT\PATHCORNER.OBJ
C:\USERS\Константин\DESKTOP\UP\EXTREME ENGINE V0.3\PROJECTS\VS2010\DEBUG\HLDLL\INT\PLANE.OBJ
C:\USERS\Константин\DESKTOP\UP\EXTREME ENGINE V0.3\PROJECTS\VS2010\DEBUG\HLDLL\INT\PLATS.OBJ
C:\USERS\Константин\DESKTOP\UP\EXTREME ENGINE V0.3\PROJECTS\VS2010\DEBUG\HLDLL\INT\PLAYER.OBJ
C:\USERS\Константин\DESKTOP\UP\EXTREME ENGINE V0.3\PROJECTS\VS2010\DEBUG\HLDLL\INT\PLAYERMONSTER.OBJ
C:\USERS\Константин\DESKTOP\UP\EXTREME ENGINE V0.3\PROJECTS\VS2010\DEBUG\HLDLL\INT\PM_DEBUG.OBJ
C:\USERS\Константин\DESKTOP\UP\EXTREME ENGINE V0.3\PROJECTS\VS2010\DEBUG\HLDLL\INT\PM_MATH.OBJ
C:\USERS\Константин\DESKTOP\UP\EXTREME ENGINE V0.3\PROJECTS\VS2010\DEBUG\HLDLL\INT\PM_SHARED.OBJ
C:\USERS\Константин\DESKTOP\UP\EXTREME ENGINE V0.3\PROJECTS\VS2010\DEBUG\HLDLL\INT\PYTHON.OBJ
C:\USERS\Константин\DESKTOP\UP\EXTREME ENGINE V0.3\PROJECTS\VS2010\DEBUG\HLDLL\INT\RAT.OBJ
C:\USERS\Константин\DESKTOP\UP\EXTREME ENGINE V0.3\PROJECTS\VS2010\DEBUG\HLDLL\INT\ROACH.OBJ
C:\USERS\Константин\DESKTOP\UP\EXTREME ENGINE V0.3\PROJECTS\VS2010\DEBUG\HLDLL\INT\RPG.OBJ
C:\USERS\Константин\DESKTOP\UP\EXTREME ENGINE V0.3\PROJECTS\VS2010\DEBUG\HLDLL\INT\SATCHEL.OBJ
C:\USERS\Константин\DESKTOP\UP\EXTREME ENGINE V0.3\PROJECTS\VS2010\DEBUG\HLDLL\INT\SCHEDULE.OBJ
C:\USERS\Константин\DESKTOP\UP\EXTREME ENGINE V0.3\PROJECTS\VS2010\DEBUG\HLDLL\INT\SCIENTIST.OBJ
C:\USERS\Константин\DESKTOP\UP\EXTREME ENGINE V0.3\PROJECTS\VS2010\DEBUG\HLDLL\INT\SCRIPTED.OBJ
C:\USERS\Константин\DESKTOP\UP\EXTREME ENGINE V0.3\PROJECTS\VS2010\DEBUG\HLDLL\INT\SHOTGUN.OBJ
C:\USERS\Константин\DESKTOP\UP\EXTREME ENGINE V0.3\PROJECTS\VS2010\DEBUG\HLDLL\INT\SINGLEPLAY_GAMERULES.OBJ
C:\USERS\Константин\DESKTOP\UP\EXTREME ENGINE V0.3\PROJECTS\VS2010\DEBUG\HLDLL\INT\SKILL.OBJ
C:\USERS\Константин\DESKTOP\UP\EXTREME ENGINE V0.3\PROJECTS\VS2010\DEBUG\HLDLL\INT\SOUND.OBJ
C:\USERS\Константин\DESKTOP\UP\EXTREME ENGINE V0.3\PROJECTS\VS2010\DEBUG\HLDLL\INT\SOUNDENT.OBJ
C:\USERS\Константин\DESKTOP\UP\EXTREME ENGINE V0.3\PROJECTS\VS2010\DEBUG\HLDLL\INT\SPECTATOR.OBJ
C:\USERS\Константин\DESKTOP\UP\EXTREME ENGINE V0.3\PROJECTS\VS2010\DEBUG\HLDLL\INT\SQUADMONSTER.OBJ
C:\USERS\Константин\DESKTOP\UP\EXTREME ENGINE V0.3\PROJECTS\VS2010\DEBUG\HLDLL\INT\SQUEAKGRENADE.OBJ
C:\USERS\Константин\DESKTOP\UP\EXTREME ENGINE V0.3\PROJECTS\VS2010\DEBUG\HLDLL\INT\SUBS.OBJ
C:\USERS\Константин\DESKTOP\UP\EXTREME ENGINE V0.3\PROJECTS\VS2010\DEBUG\HLDLL\INT\TALKMONSTER.OBJ
C:\USERS\Константин\DESKTOP\UP\EXTREME ENGINE V0.3\PROJECTS\VS2010\DEBUG\HLDLL\INT\TEAMPLAY_GAMERULES.OBJ
C:\USERS\Константин\DESKTOP\UP\EXTREME ENGINE V0.3\PROJECTS\VS2010\DEBUG\HLDLL\INT\TEMPMONSTER.OBJ
C:\USERS\Константин\DESKTOP\UP\EXTREME ENGINE V0.3\PROJECTS\VS2010\DEBUG\HLDLL\INT\TENTACLE.OBJ
C:\USERS\Константин\DESKTOP\UP\EXTREME ENGINE V0.3\PROJECTS\VS2010\DEBUG\HLDLL\INT\TRIGGERS.OBJ
C:\USERS\Константин\DESKTOP\UP\EXTREME ENGINE V0.3\PROJECTS\VS2010\DEBUG\HLDLL\INT\TRIPMINE.OBJ
C:\USERS\Константин\DESKTOP\UP\EXTREME ENGINE V0.3\PROJECTS\VS2010\DEBUG\HLDLL\INT\TURRET.OBJ
C:\USERS\Константин\DESKTOP\UP\EXTREME ENGINE V0.3\PROJECTS\VS2010\DEBUG\HLDLL\INT\UTIL.OBJ
C:\USERS\КОНСТАНТИН\DESKTOP\UP\EXTREME ENGINE V0.3\PROJECTS\VS2010\DEBUG\HLDLL\INT\VC100.PDB
C:\USERS\Константин\DESKTOP\UP\EXTREME ENGINE V0.3\PROJECTS\VS2010\DEBUG\HLDLL\INT\VOICE_GAMEMGR.OBJ
C:\USERS\Константин\DESKTOP\UP\EXTREME ENGINE V0.3\PROJECTS\VS2010\DEBUG\HLDLL\INT\WEAPONS.OBJ
C:\USERS\Константин\DESKTOP\UP\EXTREME ENGINE V0.3\PROJECTS\VS2010\DEBUG\HLDLL\INT\WORLD.OBJ
C:\USERS\Константин\DESKTOP\UP\EXTREME ENGINE V0.3\PROJECTS\VS2010\DEBUG\HLDLL\INT\XEN.OBJ
C:\USERS\Константин\DESKTOP\UP\EXTREME ENGINE V0.3\PROJECTS\VS2010\DEBUG\HLDLL\INT\ZOMBIE.OBJ
C:\USERS\Константин\DESKTOP\UP\SAVED\EXTREME ENGINE V0.4\PROJECTS\VS2010\DEBUG\HLDLL\INT\AFLOCK.OBJ
C:\USERS\Константин\DESKTOP\UP\SAVED\EXTREME ENGINE V0.4\PROJECTS\VS2010\DEBUG\HLDLL\INT\AGRUNT.OBJ
C:\USERS\Константин\DESKTOP\UP\SAVED\EXTREME ENGINE V0.4\PROJECTS\VS2010\DEBUG\HLDLL\INT\AIRTANK.OBJ
C:\USERS\Константин\DESKTOP\UP\SAVED\EXTREME ENGINE V0.4\PROJECTS\VS2010\DEBUG\HLDLL\INT\ANIMATING.OBJ
C:\USERS\Константин\DESKTOP\UP\SAVED\EXTREME ENGINE V0.4\PROJECTS\VS2010\DEBUG\HLDLL\INT\ANIMATION.OBJ
C:\USERS\Константин\DESKTOP\UP\SAVED\EXTREME ENGINE V0.4\PROJECTS\VS2010\DEBUG\HLDLL\INT\APACHE.OBJ
C:\USERS\Константин\DESKTOP\UP\SAVED\EXTREME ENGINE V0.4\PROJECTS\VS2010\DEBUG\HLDLL\INT\BARNACLE.OBJ
C:\USERS\Константин\DESKTOP\UP\SAVED\EXTREME ENGINE V0.4\PROJECTS\VS2010\DEBUG\HLDLL\INT\BARNEY.OBJ
C:\USERS\Константин\DESKTOP\UP\SAVED\EXTREME ENGINE V0.4\PROJECTS\VS2010\DEBUG\HLDLL\INT\BIGMOMMA.OBJ
C:\USERS\Константин\DESKTOP\UP\SAVED\EXTREME ENGINE V0.4\PROJECTS\VS2010\DEBUG\HLDLL\INT\BLOATER.OBJ
C:\USERS\Константин\DESKTOP\UP\SAVED\EXTREME ENGINE V0.4\PROJECTS\VS2010\DEBUG\HLDLL\INT\BMODELS.OBJ
C:\USERS\Константин\DESKTOP\UP\SAVED\EXTREME ENGINE V0.4\PROJECTS\VS2010\DEBUG\HLDLL\INT\BULLSQUID.OBJ
C:\USERS\Константин\DESKTOP\UP\SAVED\EXTREME ENGINE V0.4\PROJECTS\VS2010\DEBUG\HLDLL\INT\BUTTONS.OBJ
C:\USERS\Константин\DESKTOP\UP\SAVED\EXTREME ENGINE V0.4\PROJECTS\VS2010\DEBUG\HLDLL\INT\CBASE.OBJ
C:\USERS\Константин\DESKTOP\UP\SAVED\EXTREME ENGINE V0.4\PROJECTS\VS2010\DEBUG\HLDLL\INT\CLIENT.OBJ
C:\USERS\Константин\DESKTOP\UP\SAVED\EXTREME ENGINE V0.4\PROJECTS\VS2010\DEBUG\HLDLL\INT\COMBAT.OBJ
C:\USERS\Константин\DESKTOP\UP\SAVED\EXTREME ENGINE V0.4\PROJECTS\VS2010\DEBUG\HLDLL\INT\CONTROLLER.OBJ
C:\USERS\Константин\DESKTOP\UP\SAVED\EXTREME ENGINE V0.4\PROJECTS\VS2010\DEBUG\HLDLL\INT\CROSSBOW.OBJ
C:\USERS\Константин\DESKTOP\UP\SAVED\EXTREME ENGINE V0.4\PROJECTS\VS2010\DEBUG\HLDLL\INT\CROWBAR.OBJ
C:\USERS\Константин\DESKTOP\UP\SAVED\EXTREME ENGINE V0.4\PROJECTS\VS2010\DEBUG\HLDLL\INT\CUSTOMIZE.OBJ
C:\USERS\Константин\DESKTOP\UP\SAVED\EXTREME ENGINE V0.4\PROJECTS\VS2010\DEBUG\HLDLL\INT\DEFAULTAI.OBJ
C:\USERS\Константин\DESKTOP\UP\SAVED\EXTREME ENGINE V0.4\PROJECTS\VS2010\DEBUG\HLDLL\INT\DIABLO.OBJ
C:\USERS\Константин\DESKTOP\UP\SAVED\EXTREME ENGINE V0.4\PROJECTS\VS2010\DEBUG\HLDLL\INT\DOORS.OBJ
C:\USERS\Константин\DESKTOP\UP\SAVED\EXTREME ENGINE V0.4\PROJECTS\VS2010\DEBUG\HLDLL\INT\EE.DLL.EMBED.MANIFEST.RES
C:\USERS\Константин\DESKTOP\UP\SAVED\EXTREME ENGINE V0.4\PROJECTS\VS2010\DEBUG\HLDLL\INT\EFFECTS.OBJ
C:\USERS\Константин\DESKTOP\UP\SAVED\EXTREME ENGINE V0.4\PROJECTS\VS2010\DEBUG\HLDLL\INT\EGON.OBJ
C:\USERS\Константин\DESKTOP\UP\SAVED\EXTREME ENGINE V0.4\PROJECTS\VS2010\DEBUG\HLDLL\INT\EXPLODE.OBJ
C:\USERS\Константин\DESKTOP\UP\SAVED\EXTREME ENGINE V0.4\PROJECTS\VS2010\DEBUG\HLDLL\INT\FLYINGMONSTER.OBJ
C:\USERS\Константин\DESKTOP\UP\SAVED\EXTREME ENGINE V0.4\PROJECTS\VS2010\DEBUG\HLDLL\INT\FUNC_BREAK.OBJ
C:\USERS\Константин\DESKTOP\UP\SAVED\EXTREME ENGINE V0.4\PROJECTS\VS2010\DEBUG\HLDLL\INT\FUNC_TANK.OBJ
C:\USERS\Константин\DESKTOP\UP\SAVED\EXTREME ENGINE V0.4\PROJECTS\VS2010\DEBUG\HLDLL\INT\GAME.OBJ
C:\USERS\Константин\DESKTOP\UP\SAVED\EXTREME ENGINE V0.4\PROJECTS\VS2010\DEBUG\HLDLL\INT\GAMERULES.OBJ
C:\USERS\Константин\DESKTOP\UP\SAVED\EXTREME ENGINE V0.4\PROJECTS\VS2010\DEBUG\HLDLL\INT\GARGANTUA.OBJ
C:\USERS\Константин\DESKTOP\UP\SAVED\EXTREME ENGINE V0.4\PROJECTS\VS2010\DEBUG\HLDLL\INT\GAUSS.OBJ
C:\USERS\Константин\DESKTOP\UP\SAVED\EXTREME ENGINE V0.4\PROJECTS\VS2010\DEBUG\HLDLL\INT\GENERICMONSTER.OBJ
C:\USERS\Константин\DESKTOP\UP\SAVED\EXTREME ENGINE V0.4\PROJECTS\VS2010\DEBUG\HLDLL\INT\GGRENADE.OBJ
C:\USERS\Константин\DESKTOP\UP\SAVED\EXTREME ENGINE V0.4\PROJECTS\VS2010\DEBUG\HLDLL\INT\GLOBALS.OBJ
C:\USERS\Константин\DESKTOP\UP\SAVED\EXTREME ENGINE V0.4\PROJECTS\VS2010\DEBUG\HLDLL\INT\GMAN.OBJ
C:\USERS\Константин\DESKTOP\UP\SAVED\EXTREME ENGINE V0.4\PROJECTS\VS2010\DEBUG\HLDLL\INT\H_AI.OBJ
C:\USERS\Константин\DESKTOP\UP\SAVED\EXTREME ENGINE V0.4\PROJECTS\VS2010\DEBUG\HLDLL\INT\H_BATTERY.OBJ
C:\USERS\Константин\DESKTOP\UP\SAVED\EXTREME ENGINE V0.4\PROJECTS\VS2010\DEBUG\HLDLL\INT\H_CINE.OBJ
C:\USERS\Константин\DESKTOP\UP\SAVED\EXTREME ENGINE V0.4\PROJECTS\VS2010\DEBUG\HLDLL\INT\H_CYCLER.OBJ
C:\USERS\Константин\DESKTOP\UP\SAVED\EXTREME ENGINE V0.4\PROJECTS\VS2010\DEBUG\HLDLL\INT\H_EXPORT.OBJ
C:\USERS\Константин\DESKTOP\UP\SAVED\EXTREME ENGINE V0.4\PROJECTS\VS2010\DEBUG\HLDLL\INT\HANDGRENADE.OBJ
C:\USERS\Константин\DESKTOP\UP\SAVED\EXTREME ENGINE V0.4\PROJECTS\VS2010\DEBUG\HLDLL\INT\HASSASSIN.OBJ
C:\USERS\Константин\DESKTOP\UP\SAVED\EXTREME ENGINE V0.4\PROJECTS\VS2010\DEBUG\HLDLL\INT\HEADCRAB.OBJ
C:\USERS\Константин\DESKTOP\UP\SAVED\EXTREME ENGINE V0.4\PROJECTS\VS2010\DEBUG\HLDLL\INT\HEALTHKIT.OBJ
C:\USERS\Константин\DESKTOP\UP\SAVED\EXTREME ENGINE V0.4\PROJECTS\VS2010\DEBUG\HLDLL\INT\HGRUNT.OBJ
C:\USERS\Константин\DESKTOP\UP\SAVED\EXTREME ENGINE V0.4\PROJECTS\VS2010\DEBUG\HLDLL\INT\HL_WPN_GLOCK.OBJ
C:\USERS\Константин\DESKTOP\UP\SAVED\EXTREME ENGINE V0.4\PROJECTS\VS2010\DEBUG\HLDLL\INT\HORNET.OBJ
C:\USERS\Константин\DESKTOP\UP\SAVED\EXTREME ENGINE V0.4\PROJECTS\VS2010\DEBUG\HLDLL\INT\HORNETGUN.OBJ
C:\USERS\Константин\DESKTOP\UP\SAVED\EXTREME ENGINE V0.4\PROJECTS\VS2010\DEBUG\HLDLL\INT\HOUNDEYE.OBJ
C:\USERS\Константин\DESKTOP\UP\SAVED\EXTREME ENGINE V0.4\PROJECTS\VS2010\DEBUG\HLDLL\INT\ICHTHYOSAUR.OBJ
C:\USERS\Константин\DESKTOP\UP\SAVED\EXTREME ENGINE V0.4\PROJECTS\VS2010\DEBUG\HLDLL\INT\ISLAVE.OBJ
C:\USERS\Константин\DESKTOP\UP\SAVED\EXTREME ENGINE V0.4\PROJECTS\VS2010\DEBUG\HLDLL\INT\ISOTOPEBOX.OBJ
C:\USERS\Константин\DESKTOP\UP\SAVED\EXTREME ENGINE V0.4\PROJECTS\VS2010\DEBUG\HLDLL\INT\ITEMS.OBJ
C:\USERS\Константин\DESKTOP\UP\SAVED\EXTREME ENGINE V0.4\PROJECTS\VS2010\DEBUG\HLDLL\INT\LEECH.OBJ
C:\USERS\Константин\DESKTOP\UP\SAVED\EXTREME ENGINE V0.4\PROJECTS\VS2010\DEBUG\HLDLL\INT\LIGHTS.OBJ
C:\USERS\Константин\DESKTOP\UP\SAVED\EXTREME ENGINE V0.4\PROJECTS\VS2010\DEBUG\HLDLL\INT\MAPRULES.OBJ
C:\USERS\Константин\DESKTOP\UP\SAVED\EXTREME ENGINE V0.4\PROJECTS\VS2010\DEBUG\HLDLL\INT\MODEL.OBJ
C:\USERS\Константин\DESKTOP\UP\SAVED\EXTREME ENGINE V0.4\PROJECTS\VS2010\DEBUG\HLDLL\INT\MONSTERMAKER.OBJ
C:\USERS\Константин\DESKTOP\UP\SAVED\EXTREME ENGINE V0.4\PROJECTS\VS2010\DEBUG\HLDLL\INT\MONSTERS.OBJ
C:\USERS\Константин\DESKTOP\UP\SAVED\EXTREME ENGINE V0.4\PROJECTS\VS2010\DEBUG\HLDLL\INT\MONSTERSTATE.OBJ
C:\USERS\Константин\DESKTOP\UP\SAVED\EXTREME ENGINE V0.4\PROJECTS\VS2010\DEBUG\HLDLL\INT\MORTAR.OBJ
C:\USERS\Константин\DESKTOP\UP\SAVED\EXTREME ENGINE V0.4\PROJECTS\VS2010\DEBUG\HLDLL\INT\MP5.OBJ
C:\USERS\Константин\DESKTOP\UP\SAVED\EXTREME ENGINE V0.4\PROJECTS\VS2010\DEBUG\HLDLL\INT\MRFRIENDLY.OBJ
C:\USERS\Константин\DESKTOP\UP\SAVED\EXTREME ENGINE V0.4\PROJECTS\VS2010\DEBUG\HLDLL\INT\MULTIPLAY_GAMERULES.OBJ
C:\USERS\Константин\DESKTOP\UP\SAVED\EXTREME ENGINE V0.4\PROJECTS\VS2010\DEBUG\HLDLL\INT\NIHILANTH.OBJ
C:\USERS\Константин\DESKTOP\UP\SAVED\EXTREME ENGINE V0.4\PROJECTS\VS2010\DEBUG\HLDLL\INT\NODES.OBJ
C:\USERS\Константин\DESKTOP\UP\SAVED\EXTREME ENGINE V0.4\PROJECTS\VS2010\DEBUG\HLDLL\INT\OBSERVER.OBJ
C:\USERS\Константин\DESKTOP\UP\SAVED\EXTREME ENGINE V0.4\PROJECTS\VS2010\DEBUG\HLDLL\INT\OSPREY.OBJ
C:\USERS\Константин\DESKTOP\UP\SAVED\EXTREME ENGINE V0.4\PROJECTS\VS2010\DEBUG\HLDLL\INT\PATHCORNER.OBJ
C:\USERS\Константин\DESKTOP\UP\SAVED\EXTREME ENGINE V0.4\PROJECTS\VS2010\DEBUG\HLDLL\INT\PLANE.OBJ
C:\USERS\Константин\DESKTOP\UP\SAVED\EXTREME ENGINE V0.4\PROJECTS\VS2010\DEBUG\HLDLL\INT\PLATS.OBJ
C:\USERS\Константин\DESKTOP\UP\SAVED\EXTREME ENGINE V0.4\PROJECTS\VS2010\DEBUG\HLDLL\INT\PLAYER.OBJ
C:\USERS\Константин\DESKTOP\UP\SAVED\EXTREME ENGINE V0.4\PROJECTS\VS2010\DEBUG\HLDLL\INT\PLAYERMONSTER.OBJ
C:\USERS\Константин\DESKTOP\UP\SAVED\EXTREME ENGINE V0.4\PROJECTS\VS2010\DEBUG\HLDLL\INT\PM_DEBUG.OBJ
C:\USERS\Константин\DESKTOP\UP\SAVED\EXTREME ENGINE V0.4\PROJECTS\VS2010\DEBUG\HLDLL\INT\PM_MATH.OBJ
C:\USERS\Константин\DESKTOP\UP\SAVED\EXTREME ENGINE V0.4\PROJECTS\VS2010\DEBUG\HLDLL\INT\PM_SHARED.OBJ
C:\USERS\Константин\DESKTOP\UP\SAVED\EXTREME ENGINE V0.4\PROJECTS\VS2010\DEBUG\HLDLL\INT\PYTHON.OBJ
C:\USERS\Константин\DESKTOP\UP\SAVED\EXTREME ENGINE V0.4\PROJECTS\VS2010\DEBUG\HLDLL\INT\RAT.OBJ
C:\USERS\Константин\DESKTOP\UP\SAVED\EXTREME ENGINE V0.4\PROJECTS\VS2010\DEBUG\HLDLL\INT\ROACH.OBJ
C:\USERS\Константин\DESKTOP\UP\SAVED\EXTREME ENGINE V0.4\PROJECTS\VS2010\DEBUG\HLDLL\INT\RPG.OBJ
C:\USERS\Константин\DESKTOP\UP\SAVED\EXTREME ENGINE V0.4\PROJECTS\VS2010\DEBUG\HLDLL\INT\SATCHEL.OBJ
C:\USERS\Константин\DESKTOP\UP\SAVED\EXTREME ENGINE V0.4\PROJECTS\VS2010\DEBUG\HLDLL\INT\SCHEDULE.OBJ
C:\USERS\Константин\DESKTOP\UP\SAVED\EXTREME ENGINE V0.4\PROJECTS\VS2010\DEBUG\HLDLL\INT\SCIENTIST.OBJ
C:\USERS\Константин\DESKTOP\UP\SAVED\EXTREME ENGINE V0.4\PROJECTS\VS2010\DEBUG\HLDLL\INT\SCRIPTED.OBJ
C:\USERS\Константин\DESKTOP\UP\SAVED\EXTREME ENGINE V0.4\PROJECTS\VS2010\DEBUG\HLDLL\INT\SHOTGUN.OBJ
C:\USERS\Константин\DESKTOP\UP\SAVED\EXTREME ENGINE V0.4\PROJECTS\VS2010\DEBUG\HLDLL\INT\SINGLEPLAY_GAMERULES.OBJ
C:\USERS\Константин\DESKTOP\UP\SAVED\EXTREME ENGINE V0.4\PROJECTS\VS2010\DEBUG\HLDLL\INT\SKILL.OBJ
C:\USERS\Константин\DESKTOP\UP\SAVED\EXTREME ENGINE V0.4\PROJECTS\VS2010\DEBUG\HLDLL\INT\SOUND.OBJ
C:\USERS\Константин\DESKTOP\UP\SAVED\EXTREME ENGINE V0.4\PROJECTS\VS2010\DEBUG\HLDLL\INT\SOUNDENT.OBJ
C:\USERS\Константин\DESKTOP\UP\SAVED\EXTREME ENGINE V0.4\PROJECTS\VS2010\DEBUG\HLDLL\INT\SPECTATOR.OBJ
C:\USERS\Константин\DESKTOP\UP\SAVED\EXTREME ENGINE V0.4\PROJECTS\VS2010\DEBUG\HLDLL\INT\SQUADMONSTER.OBJ
C:\USERS\Константин\DESKTOP\UP\SAVED\EXTREME ENGINE V0.4\PROJECTS\VS2010\DEBUG\HLDLL\INT\SQUEAKGRENADE.OBJ
C:\USERS\Константин\DESKTOP\UP\SAVED\EXTREME ENGINE V0.4\PROJECTS\VS2010\DEBUG\HLDLL\INT\SUBS.OBJ
C:\USERS\Константин\DESKTOP\UP\SAVED\EXTREME ENGINE V0.4\PROJECTS\VS2010\DEBUG\HLDLL\INT\TALKMONSTER.OBJ
C:\USERS\Константин\DESKTOP\UP\SAVED\EXTREME ENGINE V0.4\PROJECTS\VS2010\DEBUG\HLDLL\INT\TEAMPLAY_GAMERULES.OBJ
C:\USERS\Константин\DESKTOP\UP\SAVED\EXTREME ENGINE V0.4\PROJECTS\VS2010\DEBUG\HLDLL\INT\TEMPMONSTER.OBJ
C:\USERS\Константин\DESKTOP\UP\SAVED\EXTREME ENGINE V0.4\PROJECTS\VS2010\DEBUG\HLDLL\INT\TENTACLE.OBJ
C:\USERS\Константин\DESKTOP\UP\SAVED\EXTREME ENGINE V0.4\PROJECTS\VS2010\DEBUG\HLDLL\INT\TRIGGERS.OBJ
C:\USERS\Константин\DESKTOP\UP\SAVED\EXTREME ENGINE V0.4\PROJECTS\VS2010\DEBUG\HLDLL\INT\TRIPMINE.OBJ
C:\USERS\Константин\DESKTOP\UP\SAVED\EXTREME ENGINE V0.4\PROJECTS\VS2010\DEBUG\HLDLL\INT\TURRET.OBJ
C:\USERS\Константин\DESKTOP\UP\SAVED\EXTREME ENGINE V0.4\PROJECTS\VS2010\DEBUG\HLDLL\INT\UTIL.OBJ
C:\USERS\КОНСТАНТИН\DESKTOP\UP\SAVED\EXTREME ENGINE V0.4\PROJECTS\VS2010\DEBUG\HLDLL\INT\VC100.PDB
C:\USERS\Константин\DESKTOP\UP\SAVED\EXTREME ENGINE V0.4\PROJECTS\VS2010\DEBUG\HLDLL\INT\VOICE_GAMEMGR.OBJ
C:\USERS\Константин\DESKTOP\UP\SAVED\EXTREME ENGINE V0.4\PROJECTS\VS2010\DEBUG\HLDLL\INT\WEAPONS.OBJ
C:\USERS\Константин\DESKTOP\UP\SAVED\EXTREME ENGINE V0.4\PROJECTS\VS2010\DEBUG\HLDLL\INT\WORLD.OBJ
C:\USERS\Константин\DESKTOP\UP\SAVED\EXTREME ENGINE V0.4\PROJECTS\VS2010\DEBUG\HLDLL\INT\XEN.OBJ
C:\USERS\Константин\DESKTOP\UP\SAVED\EXTREME ENGINE V0.4\PROJECTS\VS2010\DEBUG\HLDLL\INT\ZOMBIE.OBJ
C:\USERS\Константин\DESKTOP\UP\ULTIMATE POINT ENGINE BUILDS\ULTIMATE POINT ENGINE V0.5\PROJECTS\VS2010\DEBUG\HLDLL\INT\AFLOCK.OBJ
C:\USERS\Константин\DESKTOP\UP\ULTIMATE POINT ENGINE BUILDS\ULTIMATE POINT ENGINE V0.5\PROJECTS\VS2010\DEBUG\HLDLL\INT\AGRUNT.OBJ
C:\USERS\Константин\DESKTOP\UP\ULTIMATE POINT ENGINE BUILDS\ULTIMATE POINT ENGINE V0.5\PROJECTS\VS2010\DEBUG\HLDLL\INT\AIRTANK.OBJ
C:\USERS\Константин\DESKTOP\UP\ULTIMATE POINT ENGINE BUILDS\ULTIMATE POINT ENGINE V0.5\PROJECTS\VS2010\DEBUG\HLDLL\INT\ANIMATING.OBJ
C:\USERS\Константин\DESKTOP\UP\ULTIMATE POINT ENGINE BUILDS\ULTIMATE POINT ENGINE V0.5\PROJECTS\VS2010\DEBUG\HLDLL\INT\ANIMATION.OBJ
C:\USERS\Константин\DESKTOP\UP\ULTIMATE POINT ENGINE BUILDS\ULTIMATE POINT ENGINE V0.5\PROJECTS\VS2010\DEBUG\HLDLL\INT\APACHE.OBJ
C:\USERS\Константин\DESKTOP\UP\ULTIMATE POINT ENGINE BUILDS\ULTIMATE POINT ENGINE V0.5\PROJECTS\VS2010\DEBUG\HLDLL\INT\BARNACLE.OBJ
C:\USERS\Константин\DESKTOP\UP\ULTIMATE POINT ENGINE BUILDS\ULTIMATE POINT ENGINE V0.5\PROJECTS\VS2010\DEBUG\HLDLL\INT\BARNEY.OBJ
C:\USERS\Константин\DESKTOP\UP\ULTIMATE POINT ENGINE BUILDS\ULTIMATE POINT ENGINE V0.5\PROJECTS\VS2010\DEBUG\HLDLL\INT\BIGMOMMA.OBJ
C:\USERS\Константин\DESKTOP\UP\ULTIMATE POINT ENGINE BUILDS\ULTIMATE POINT ENGINE V0.5\PROJECTS\VS2010\DEBUG\HLDLL\INT\BLOATER.OBJ
C:\USERS\Константин\DESKTOP\UP\ULTIMATE POINT ENGINE BUILDS\ULTIMATE POINT ENGINE V0.5\PROJECTS\VS2010\DEBUG\HLDLL\INT\BMODELS.OBJ
C:\USERS\Константин\DESKTOP\UP\ULTIMATE POINT ENGINE BUILDS\ULTIMATE POINT ENGINE V0.5\PROJECTS\VS2010\DEBUG\HLDLL\INT\BULLSQUID.OBJ
C:\USERS\Константин\DESKTOP\UP\ULTIMATE POINT ENGINE BUILDS\ULTIMATE POINT ENGINE V0.5\PROJECTS\VS2010\DEBUG\HLDLL\INT\BUTTONS.OBJ
C:\USERS\Константин\DESKTOP\UP\ULTIMATE POINT ENGINE BUILDS\ULTIMATE POINT ENGINE V0.5\PROJECTS\VS2010\DEBUG\HLDLL\INT\CBASE.OBJ
C:\USERS\Константин\DESKTOP\UP\ULTIMATE POINT ENGINE BUILDS\ULTIMATE POINT ENGINE V0.5\PROJECTS\VS2010\DEBUG\HLDLL\INT\CLIENT.OBJ
C:\USERS\Константин\DESKTOP\UP\ULTIMATE POINT ENGINE BUILDS\ULTIMATE POINT ENGINE V0.5\PROJECTS\VS2010\DEBUG\HLDLL\INT\COMBAT.OBJ
C:\USERS\Константин\DESKTOP\UP\ULTIMATE POINT ENGINE BUILDS\ULTIMATE POINT ENGINE V0.5\PROJECTS\VS2010\DEBUG\HLDLL\INT\CONTROLLER.OBJ
C:\USERS\Константин\DESKTOP\UP\ULTIMATE POINT ENGINE BUILDS\ULTIMATE POINT ENGINE V0.5\PROJECTS\VS2010\DEBUG\HLDLL\INT\CROSSBOW.OBJ
C:\USERS\Константин\DESKTOP\UP\ULTIMATE POINT ENGINE BUILDS\ULTIMATE POINT ENGINE V0.5\PROJECTS\VS2010\DEBUG\HLDLL\INT\CROWBAR.OBJ
C:\USERS\Константин\DESKTOP\UP\ULTIMATE POINT ENGINE BUILDS\ULTIMATE POINT ENGINE V0.5\PROJECTS\VS2010\DEBUG\HLDLL\INT\CUSTOMIZE.OBJ
C:\USERS\Константин\DESKTOP\UP\ULTIMATE POINT ENGINE BUILDS\ULTIMATE POINT ENGINE V0.5\PROJECTS\VS2010\DEBUG\HLDLL\INT\DEFAULTAI.OBJ
C:\USERS\Константин\DESKTOP\UP\ULTIMATE POINT ENGINE BUILDS\ULTIMATE POINT ENGINE V0.5\PROJECTS\VS2010\DEBUG\HLDLL\INT\DIABLO.OBJ
C:\USERS\Константин\DESKTOP\UP\ULTIMATE POINT ENGINE BUILDS\ULTIMATE POINT ENGINE V0.5\PROJECTS\VS2010\DEBUG\HLDLL\INT\DOORS.OBJ
C:\USERS\Константин\DESKTOP\UP\ULTIMATE POINT ENGINE BUILDS\ULTIMATE POINT ENGINE V0.5\PROJECTS\VS2010\DEBUG\HLDLL\INT\EE.DLL.EMBED.MANIFEST.RES
C:\USERS\Константин\DESKTOP\UP\ULTIMATE POINT ENGINE BUILDS\ULTIMATE POINT ENGINE V0.5\PROJECTS\VS2010\DEBUG\HLDLL\INT\EFFECTS.OBJ
C:\USERS\Константин\DESKTOP\UP\ULTIMATE POINT ENGINE BUILDS\ULTIMATE POINT ENGINE V0.5\PROJECTS\VS2010\DEBUG\HLDLL\INT\EGON.OBJ
C:\USERS\Константин\DESKTOP\UP\ULTIMATE POINT ENGINE BUILDS\ULTIMATE POINT ENGINE V0.5\PROJECTS\VS2010\DEBUG\HLDLL\INT\EXPLODE.OBJ
C:\USERS\Константин\DESKTOP\UP\ULTIMATE POINT ENGINE BUILDS\ULTIMATE POINT ENGINE V0.5\PROJECTS\VS2010\DEBUG\HLDLL\INT\FLYINGMONSTER.OBJ
C:\USERS\Константин\DESKTOP\UP\ULTIMATE POINT ENGINE BUILDS\ULTIMATE POINT ENGINE V0.5\PROJECTS\VS2010\DEBUG\HLDLL\INT\FUNC_BREAK.OBJ
C:\USERS\Константин\DESKTOP\UP\ULTIMATE POINT ENGINE BUILDS\ULTIMATE POINT ENGINE V0.5\PROJECTS\VS2010\DEBUG\HLDLL\INT\FUNC_TANK.OBJ
C:\USERS\Константин\DESKTOP\UP\ULTIMATE POINT ENGINE BUILDS\ULTIMATE POINT ENGINE V0.5\PROJECTS\VS2010\DEBUG\HLDLL\INT\GAME.OBJ
C:\USERS\Константин\DESKTOP\UP\ULTIMATE POINT ENGINE BUILDS\ULTIMATE POINT ENGINE V0.5\PROJECTS\VS2010\DEBUG\HLDLL\INT\GAMERULES.OBJ
C:\USERS\Константин\DESKTOP\UP\ULTIMATE POINT ENGINE BUILDS\ULTIMATE POINT ENGINE V0.5\PROJECTS\VS2010\DEBUG\HLDLL\INT\GARGANTUA.OBJ
C:\USERS\Константин\DESKTOP\UP\ULTIMATE POINT ENGINE BUILDS\ULTIMATE POINT ENGINE V0.5\PROJECTS\VS2010\DEBUG\HLDLL\INT\GAUSS.OBJ
C:\USERS\Константин\DESKTOP\UP\ULTIMATE POINT ENGINE BUILDS\ULTIMATE POINT ENGINE V0.5\PROJECTS\VS2010\DEBUG\HLDLL\INT\GENERICMONSTER.OBJ
C:\USERS\Константин\DESKTOP\UP\ULTIMATE POINT ENGINE BUILDS\ULTIMATE POINT ENGINE V0.5\PROJECTS\VS2010\DEBUG\HLDLL\INT\GGRENADE.OBJ
C:\USERS\Константин\DESKTOP\UP\ULTIMATE POINT ENGINE BUILDS\ULTIMATE POINT ENGINE V0.5\PROJECTS\VS2010\DEBUG\HLDLL\INT\GLOBALS.OBJ
C:\USERS\Константин\DESKTOP\UP\ULTIMATE POINT ENGINE BUILDS\ULTIMATE POINT ENGINE V0.5\PROJECTS\VS2010\DEBUG\HLDLL\INT\GMAN.OBJ
C:\USERS\Константин\DESKTOP\UP\ULTIMATE POINT ENGINE BUILDS\ULTIMATE POINT ENGINE V0.5\PROJECTS\VS2010\DEBUG\HLDLL\INT\H_AI.OBJ
C:\USERS\Константин\DESKTOP\UP\ULTIMATE POINT ENGINE BUILDS\ULTIMATE POINT ENGINE V0.5\PROJECTS\VS2010\DEBUG\HLDLL\INT\H_BATTERY.OBJ
C:\USERS\Константин\DESKTOP\UP\ULTIMATE POINT ENGINE BUILDS\ULTIMATE POINT ENGINE V0.5\PROJECTS\VS2010\DEBUG\HLDLL\INT\H_CINE.OBJ
C:\USERS\Константин\DESKTOP\UP\ULTIMATE POINT ENGINE BUILDS\ULTIMATE POINT ENGINE V0.5\PROJECTS\VS2010\DEBUG\HLDLL\INT\H_CYCLER.OBJ
C:\USERS\Константин\DESKTOP\UP\ULTIMATE POINT ENGINE BUILDS\ULTIMATE POINT ENGINE V0.5\PROJECTS\VS2010\DEBUG\HLDLL\INT\H_EXPORT.OBJ
C:\USERS\Константин\DESKTOP\UP\ULTIMATE POINT ENGINE BUILDS\ULTIMATE POINT ENGINE V0.5\PROJECTS\VS2010\DEBUG\HLDLL\INT\HANDGRENADE.OBJ
C:\USERS\Константин\DESKTOP\UP\ULTIMATE POINT ENGINE BUILDS\ULTIMATE POINT ENGINE V0.5\PROJECTS\VS2010\DEBUG\HLDLL\INT\HASSASSIN.OBJ
C:\USERS\Константин\DESKTOP\UP\ULTIMATE POINT ENGINE BUILDS\ULTIMATE POINT ENGINE V0.5\PROJECTS\VS2010\DEBUG\HLDLL\INT\HEADCRAB.OBJ
C:\USERS\Константин\DESKTOP\UP\ULTIMATE POINT ENGINE BUILDS\ULTIMATE POINT ENGINE V0.5\PROJECTS\VS2010\DEBUG\HLDLL\INT\HEALTHKIT.OBJ
C:\USERS\Константин\DESKTOP\UP\ULTIMATE POINT ENGINE BUILDS\ULTIMATE POINT ENGINE V0.5\PROJECTS\VS2010\DEBUG\HLDLL\INT\HGRUNT.OBJ
C:\USERS\Константин\DESKTOP\UP\ULTIMATE POINT ENGINE BUILDS\ULTIMATE POINT ENGINE V0.5\PROJECTS\VS2010\DEBUG\HLDLL\INT\HL_WPN_GLOCK.OBJ
C:\USERS\Константин\DESKTOP\UP\ULTIMATE POINT ENGINE BUILDS\ULTIMATE POINT ENGINE V0.5\PROJECTS\VS2010\DEBUG\HLDLL\INT\HORNET.OBJ
C:\USERS\Константин\DESKTOP\UP\ULTIMATE POINT ENGINE BUILDS\ULTIMATE POINT ENGINE V0.5\PROJECTS\VS2010\DEBUG\HLDLL\INT\HORNETGUN.OBJ
C:\USERS\Константин\DESKTOP\UP\ULTIMATE POINT ENGINE BUILDS\ULTIMATE POINT ENGINE V0.5\PROJECTS\VS2010\DEBUG\HLDLL\INT\HOUNDEYE.OBJ
C:\USERS\Константин\DESKTOP\UP\ULTIMATE POINT ENGINE BUILDS\ULTIMATE POINT ENGINE V0.5\PROJECTS\VS2010\DEBUG\HLDLL\INT\ICHTHYOSAUR.OBJ
C:\USERS\Константин\DESKTOP\UP\ULTIMATE POINT ENGINE BUILDS\ULTIMATE POINT ENGINE V0.5\PROJECTS\VS2010\DEBUG\HLDLL\INT\ISLAVE.OBJ
C:\USERS\Константин\DESKTOP\UP\ULTIMATE POINT ENGINE BUILDS\ULTIMATE POINT ENGINE V0.5\PROJECTS\VS2010\DEBUG\HLDLL\INT\ISOTOPEBOX.OBJ
C:\USERS\Константин\DESKTOP\UP\ULTIMATE POINT ENGINE BUILDS\ULTIMATE POINT ENGINE V0.5\PROJECTS\VS2010\DEBUG\HLDLL\INT\ITEMS.OBJ
C:\USERS\Константин\DESKTOP\UP\ULTIMATE POINT ENGINE BUILDS\ULTIMATE POINT ENGINE V0.5\PROJECTS\VS2010\DEBUG\HLDLL\INT\LEECH.OBJ
C:\USERS\Константин\DESKTOP\UP\ULTIMATE POINT ENGINE BUILDS\ULTIMATE POINT ENGINE V0.5\PROJECTS\VS2010\DEBUG\HLDLL\INT\LIGHTS.OBJ
C:\USERS\Константин\DESKTOP\UP\ULTIMATE POINT ENGINE BUILDS\ULTIMATE POINT ENGINE V0.5\PROJECTS\VS2010\DEBUG\HLDLL\INT\MAPRULES.OBJ
C:\USERS\Константин\DESKTOP\UP\ULTIMATE POINT ENGINE BUILDS\ULTIMATE POINT ENGINE V0.5\PROJECTS\VS2010\DEBUG\HLDLL\INT\MODEL.OBJ
C:\USERS\Константин\DESKTOP\UP\ULTIMATE POINT ENGINE BUILDS\ULTIMATE POINT ENGINE V0.5\PROJECTS\VS2010\DEBUG\HLDLL\INT\MONSTERMAKER.OBJ
C:\USERS\Константин\DESKTOP\UP\ULTIMATE POINT ENGINE BUILDS\ULTIMATE POINT ENGINE V0.5\PROJECTS\VS2010\DEBUG\HLDLL\INT\MONSTERS.OBJ
C:\USERS\Константин\DESKTOP\UP\ULTIMATE POINT ENGINE BUILDS\ULTIMATE POINT ENGINE V0.5\PROJECTS\VS2010\DEBUG\HLDLL\INT\MONSTERSTATE.OBJ
C:\USERS\Константин\DESKTOP\UP\ULTIMATE POINT ENGINE BUILDS\ULTIMATE POINT ENGINE V0.5\PROJECTS\VS2010\DEBUG\HLDLL\INT\MORTAR.OBJ
C:\USERS\Константин\DESKTOP\UP\ULTIMATE POINT ENGINE BUILDS\ULTIMATE POINT ENGINE V0.5\PROJECTS\VS2010\DEBUG\HLDLL\INT\MP5.OBJ
C:\USERS\Константин\DESKTOP\UP\ULTIMATE POINT ENGINE BUILDS\ULTIMATE POINT ENGINE V0.5\PROJECTS\VS2010\DEBUG\HLDLL\INT\MRFRIENDLY.OBJ
C:\USERS\Константин\DESKTOP\UP\ULTIMATE POINT ENGINE BUILDS\ULTIMATE POINT ENGINE V0.5\PROJECTS\VS2010\DEBUG\HLDLL\INT\MULTIPLAY_GAMERULES.OBJ
C:\USERS\Константин\DESKTOP\UP\ULTIMATE POINT ENGINE BUILDS\ULTIMATE POINT ENGINE V0.5\PROJECTS\VS2010\DEBUG\HLDLL\INT\NIHILANTH.OBJ
C:\USERS\Константин\DESKTOP\UP\ULTIMATE POINT ENGINE BUILDS\ULTIMATE POINT ENGINE V0.5\PROJECTS\VS2010\DEBUG\HLDLL\INT\NODES.OBJ
C:\USERS\Константин\DESKTOP\UP\ULTIMATE POINT ENGINE BUILDS\ULTIMATE POINT ENGINE V0.5\PROJECTS\VS2010\DEBUG\HLDLL\INT\OBSERVER.OBJ
C:\USERS\Константин\DESKTOP\UP\ULTIMATE POINT ENGINE BUILDS\ULTIMATE POINT ENGINE V0.5\PROJECTS\VS2010\DEBUG\HLDLL\INT\OSPREY.OBJ
C:\USERS\Константин\DESKTOP\UP\ULTIMATE POINT ENGINE BUILDS\ULTIMATE POINT ENGINE V0.5\PROJECTS\VS2010\DEBUG\HLDLL\INT\PATHCORNER.OBJ
C:\USERS\Константин\DESKTOP\UP\ULTIMATE POINT ENGINE BUILDS\ULTIMATE POINT ENGINE V0.5\PROJECTS\VS2010\DEBUG\HLDLL\INT\PLANE.OBJ
C:\USERS\Константин\DESKTOP\UP\ULTIMATE POINT ENGINE BUILDS\ULTIMATE POINT ENGINE V0.5\PROJECTS\VS2010\DEBUG\HLDLL\INT\PLATS.OBJ
C:\USERS\Константин\DESKTOP\UP\ULTIMATE POINT ENGINE BUILDS\ULTIMATE POINT ENGINE V0.5\PROJECTS\VS2010\DEBUG\HLDLL\INT\PLAYER.OBJ
C:\USERS\Константин\DESKTOP\UP\ULTIMATE POINT ENGINE BUILDS\ULTIMATE POINT ENGINE V0.5\PROJECTS\VS2010\DEBUG\HLDLL\INT\PLAYERMONSTER.OBJ
C:\USERS\Константин\DESKTOP\UP\ULTIMATE POINT ENGINE BUILDS\ULTIMATE POINT ENGINE V0.5\PROJECTS\VS2010\DEBUG\HLDLL\INT\PM_DEBUG.OBJ
C:\USERS\Константин\DESKTOP\UP\ULTIMATE POINT ENGINE BUILDS\ULTIMATE POINT ENGINE V0.5\PROJECTS\VS2010\DEBUG\HLDLL\INT\PM_MATH.OBJ
C:\USERS\Константин\DESKTOP\UP\ULTIMATE POINT ENGINE BUILDS\ULTIMATE POINT ENGINE V0.5\PROJECTS\VS2010\DEBUG\HLDLL\INT\PM_SHARED.OBJ
C:\USERS\Константин\DESKTOP\UP\ULTIMATE POINT ENGINE BUILDS\ULTIMATE POINT ENGINE V0.5\PROJECTS\VS2010\DEBUG\HLDLL\INT\PYTHON.OBJ
C:\USERS\Константин\DESKTOP\UP\ULTIMATE POINT ENGINE BUILDS\ULTIMATE POINT ENGINE V0.5\PROJECTS\VS2010\DEBUG\HLDLL\INT\RAT.OBJ
C:\USERS\Константин\DESKTOP\UP\ULTIMATE POINT ENGINE BUILDS\ULTIMATE POINT ENGINE V0.5\PROJECTS\VS2010\DEBUG\HLDLL\INT\ROACH.OBJ
C:\USERS\Константин\DESKTOP\UP\ULTIMATE POINT ENGINE BUILDS\ULTIMATE POINT ENGINE V0.5\PROJECTS\VS2010\DEBUG\HLDLL\INT\RPG.OBJ
C:\USERS\Константин\DESKTOP\UP\ULTIMATE POINT ENGINE BUILDS\ULTIMATE POINT ENGINE V0.5\PROJECTS\VS2010\DEBUG\HLDLL\INT\SATCHEL.OBJ
C:\USERS\Константин\DESKTOP\UP\ULTIMATE POINT ENGINE BUILDS\ULTIMATE POINT ENGINE V0.5\PROJECTS\VS2010\DEBUG\HLDLL\INT\SCHEDULE.OBJ
C:\USERS\Константин\DESKTOP\UP\ULTIMATE POINT ENGINE BUILDS\ULTIMATE POINT ENGINE V0.5\PROJECTS\VS2010\DEBUG\HLDLL\INT\SCIENTIST.OBJ
C:\USERS\Константин\DESKTOP\UP\ULTIMATE POINT ENGINE BUILDS\ULTIMATE POINT ENGINE V0.5\PROJECTS\VS2010\DEBUG\HLDLL\INT\SCRIPTED.OBJ
C:\USERS\Константин\DESKTOP\UP\ULTIMATE POINT ENGINE BUILDS\ULTIMATE POINT ENGINE V0.5\PROJECTS\VS2010\DEBUG\HLDLL\INT\SHOTGUN.OBJ
C:\USERS\Константин\DESKTOP\UP\ULTIMATE POINT ENGINE BUILDS\ULTIMATE POINT ENGINE V0.5\PROJECTS\VS2010\DEBUG\HLDLL\INT\SINGLEPLAY_GAMERULES.OBJ
C:\USERS\Константин\DESKTOP\UP\ULTIMATE POINT ENGINE BUILDS\ULTIMATE POINT ENGINE V0.5\PROJECTS\VS2010\DEBUG\HLDLL\INT\SKILL.OBJ
C:\USERS\Константин\DESKTOP\UP\ULTIMATE POINT ENGINE BUILDS\ULTIMATE POINT ENGINE V0.5\PROJECTS\VS2010\DEBUG\HLDLL\INT\SOUND.OBJ
C:\USERS\Константин\DESKTOP\UP\ULTIMATE POINT ENGINE BUILDS\ULTIMATE POINT ENGINE V0.5\PROJECTS\VS2010\DEBUG\HLDLL\INT\SOUNDENT.OBJ
C:\USERS\Константин\DESKTOP\UP\ULTIMATE POINT ENGINE BUILDS\ULTIMATE POINT ENGINE V0.5\PROJECTS\VS2010\DEBUG\HLDLL\INT\SPECTATOR.OBJ
C:\USERS\Константин\DESKTOP\UP\ULTIMATE POINT ENGINE BUILDS\ULTIMATE POINT ENGINE V0.5\PROJECTS\VS2010\DEBUG\HLDLL\INT\SQUADMONSTER.OBJ
C:\USERS\Константин\DESKTOP\UP\ULTIMATE POINT ENGINE BUILDS\ULTIMATE POINT ENGINE V0.5\PROJECTS\VS2010\DEBUG\HLDLL\INT\SQUEAKGRENADE.OBJ
C:\USERS\Константин\DESKTOP\UP\ULTIMATE POINT ENGINE BUILDS\ULTIMATE POINT ENGINE V0.5\PROJECTS\VS2010\DEBUG\HLDLL\INT\SUBS.OBJ
C:\USERS\Константин\DESKTOP\UP\ULTIMATE POINT ENGINE BUILDS\ULTIMATE POINT ENGINE V0.5\PROJECTS\VS2010\DEBUG\HLDLL\INT\TALKMONSTER.OBJ
C:\USERS\Константин\DESKTOP\UP\ULTIMATE POINT ENGINE BUILDS\ULTIMATE POINT ENGINE V0.5\PROJECTS\VS2010\DEBUG\HLDLL\INT\TEAMPLAY_GAMERULES.OBJ
C:\USERS\Константин\DESKTOP\UP\ULTIMATE POINT ENGINE BUILDS\ULTIMATE POINT ENGINE V0.5\PROJECTS\VS2010\DEBUG\HLDLL\INT\TEMPMONSTER.OBJ
C:\USERS\Константин\DESKTOP\UP\ULTIMATE POINT ENGINE BUILDS\ULTIMATE POINT ENGINE V0.5\PROJECTS\VS2010\DEBUG\HLDLL\INT\TENTACLE.OBJ
C:\USERS\Константин\DESKTOP\UP\ULTIMATE POINT ENGINE BUILDS\ULTIMATE POINT ENGINE V0.5\PROJECTS\VS2010\DEBUG\HLDLL\INT\TRIGGERS.OBJ
C:\USERS\Константин\DESKTOP\UP\ULTIMATE POINT ENGINE BUILDS\ULTIMATE POINT ENGINE V0.5\PROJECTS\VS2010\DEBUG\HLDLL\INT\TRIPMINE.OBJ
C:\USERS\Константин\DESKTOP\UP\ULTIMATE POINT ENGINE BUILDS\ULTIMATE POINT ENGINE V0.5\PROJECTS\VS2010\DEBUG\HLDLL\INT\TURRET.OBJ
C:\USERS\Константин\DESKTOP\UP\ULTIMATE POINT ENGINE BUILDS\ULTIMATE POINT ENGINE V0.5\PROJECTS\VS2010\DEBUG\HLDLL\INT\UTIL.OBJ
C:\USERS\КОНСТАНТИН\DESKTOP\UP\ULTIMATE POINT ENGINE BUILDS\ULTIMATE POINT ENGINE V0.5\PROJECTS\VS2010\DEBUG\HLDLL\INT\VC100.PDB
C:\USERS\Константин\DESKTOP\UP\ULTIMATE POINT ENGINE BUILDS\ULTIMATE POINT ENGINE V0.5\PROJECTS\VS2010\DEBUG\HLDLL\INT\VOICE_GAMEMGR.OBJ
C:\USERS\Константин\DESKTOP\UP\ULTIMATE POINT ENGINE BUILDS\ULTIMATE POINT ENGINE V0.5\PROJECTS\VS2010\DEBUG\HLDLL\INT\WEAPONS.OBJ
C:\USERS\Константин\DESKTOP\UP\ULTIMATE POINT ENGINE BUILDS\ULTIMATE POINT ENGINE V0.5\PROJECTS\VS2010\DEBUG\HLDLL\INT\WORLD.OBJ
C:\USERS\Константин\DESKTOP\UP\ULTIMATE POINT ENGINE BUILDS\ULTIMATE POINT ENGINE V0.5\PROJECTS\VS2010\DEBUG\HLDLL\INT\XEN.OBJ
C:\USERS\Константин\DESKTOP\UP\ULTIMATE POINT ENGINE BUILDS\ULTIMATE POINT ENGINE V0.5\PROJECTS\VS2010\DEBUG\HLDLL\INT\ZOMBIE.OBJ
C:\USERS\Константин\DESKTOP\UP\ULTIMATE POINT ENGINE BUILDS\ULTIMATE POINT ENGINE V0.6\PROJECTS\VS2010\DEBUG\HLDLL\INT\AFLOCK.OBJ
C:\USERS\Константин\DESKTOP\UP\ULTIMATE POINT ENGINE BUILDS\ULTIMATE POINT ENGINE V0.6\PROJECTS\VS2010\DEBUG\HLDLL\INT\AGRUNT.OBJ
C:\USERS\Константин\DESKTOP\UP\ULTIMATE POINT ENGINE BUILDS\ULTIMATE POINT ENGINE V0.6\PROJECTS\VS2010\DEBUG\HLDLL\INT\AIRTANK.OBJ
C:\USERS\Константин\DESKTOP\UP\ULTIMATE POINT ENGINE BUILDS\ULTIMATE POINT ENGINE V0.6\PROJECTS\VS2010\DEBUG\HLDLL\INT\ANIMATING.OBJ
C:\USERS\Константин\DESKTOP\UP\ULTIMATE POINT ENGINE BUILDS\ULTIMATE POINT ENGINE V0.6\PROJECTS\VS2010\DEBUG\HLDLL\INT\ANIMATION.OBJ
C:\USERS\Константин\DESKTOP\UP\ULTIMATE POINT ENGINE BUILDS\ULTIMATE POINT ENGINE V0.6\PROJECTS\VS2010\DEBUG\HLDLL\INT\APACHE.OBJ
C:\USERS\Константин\DESKTOP\UP\ULTIMATE POINT ENGINE BUILDS\ULTIMATE POINT ENGINE V0.6\PROJECTS\VS2010\DEBUG\HLDLL\INT\BARNACLE.OBJ
C:\USERS\Константин\DESKTOP\UP\ULTIMATE POINT ENGINE BUILDS\ULTIMATE POINT ENGINE V0.6\PROJECTS\VS2010\DEBUG\HLDLL\INT\BARNEY.OBJ
C:\USERS\Константин\DESKTOP\UP\ULTIMATE POINT ENGINE BUILDS\ULTIMATE POINT ENGINE V0.6\PROJECTS\VS2010\DEBUG\HLDLL\INT\BIGMOMMA.OBJ
C:\USERS\Константин\DESKTOP\UP\ULTIMATE POINT ENGINE BUILDS\ULTIMATE POINT ENGINE V0.6\PROJECTS\VS2010\DEBUG\HLDLL\INT\BLOATER.OBJ
C:\USERS\Константин\DESKTOP\UP\ULTIMATE POINT ENGINE BUILDS\ULTIMATE POINT ENGINE V0.6\PROJECTS\VS2010\DEBUG\HLDLL\INT\BMODELS.OBJ
C:\USERS\Константин\DESKTOP\UP\ULTIMATE POINT ENGINE BUILDS\ULTIMATE POINT ENGINE V0.6\PROJECTS\VS2010\DEBUG\HLDLL\INT\BULLSQUID.OBJ
C:\USERS\Константин\DESKTOP\UP\ULTIMATE POINT ENGINE BUILDS\ULTIMATE POINT ENGINE V0.6\PROJECTS\VS2010\DEBUG\HLDLL\INT\BUTTONS.OBJ
C:\USERS\Константин\DESKTOP\UP\ULTIMATE POINT ENGINE BUILDS\ULTIMATE POINT ENGINE V0.6\PROJECTS\VS2010\DEBUG\HLDLL\INT\CBASE.OBJ
C:\USERS\Константин\DESKTOP\UP\ULTIMATE POINT ENGINE BUILDS\ULTIMATE POINT ENGINE V0.6\PROJECTS\VS2010\DEBUG\HLDLL\INT\CLIENT.OBJ
C:\USERS\Константин\DESKTOP\UP\ULTIMATE POINT ENGINE BUILDS\ULTIMATE POINT ENGINE V0.6\PROJECTS\VS2010\DEBUG\HLDLL\INT\COMBAT.OBJ
C:\USERS\Константин\DESKTOP\UP\ULTIMATE POINT ENGINE BUILDS\ULTIMATE POINT ENGINE V0.6\PROJECTS\VS2010\DEBUG\HLDLL\INT\CONTROLLER.OBJ
C:\USERS\Константин\DESKTOP\UP\ULTIMATE POINT ENGINE BUILDS\ULTIMATE POINT ENGINE V0.6\PROJECTS\VS2010\DEBUG\HLDLL\INT\CROSSBOW.OBJ
C:\USERS\Константин\DESKTOP\UP\ULTIMATE POINT ENGINE BUILDS\ULTIMATE POINT ENGINE V0.6\PROJECTS\VS2010\DEBUG\HLDLL\INT\CROWBAR.OBJ
C:\USERS\Константин\DESKTOP\UP\ULTIMATE POINT ENGINE BUILDS\ULTIMATE POINT ENGINE V0.6\PROJECTS\VS2010\DEBUG\HLDLL\INT\CUSTOMIZE.OBJ
C:\USERS\Константин\DESKTOP\UP\ULTIMATE POINT ENGINE BUILDS\ULTIMATE POINT ENGINE V0.6\PROJECTS\VS2010\DEBUG\HLDLL\INT\DEFAULTAI.OBJ
C:\USERS\Константин\DESKTOP\UP\ULTIMATE POINT ENGINE BUILDS\ULTIMATE POINT ENGINE V0.6\PROJECTS\VS2010\DEBUG\HLDLL\INT\DIABLO.OBJ
C:\USERS\Константин\DESKTOP\UP\ULTIMATE POINT ENGINE BUILDS\ULTIMATE POINT ENGINE V0.6\PROJECTS\VS2010\DEBUG\HLDLL\INT\DOORS.OBJ
C:\USERS\Константин\DESKTOP\UP\ULTIMATE POINT ENGINE BUILDS\ULTIMATE POINT ENGINE V0.6\PROJECTS\VS2010\DEBUG\HLDLL\INT\EE.DLL.EMBED.MANIFEST.RES
C:\USERS\Константин\DESKTOP\UP\ULTIMATE POINT ENGINE BUILDS\ULTIMATE POINT ENGINE V0.6\PROJECTS\VS2010\DEBUG\HLDLL\INT\EFFECTS.OBJ
C:\USERS\Константин\DESKTOP\UP\ULTIMATE POINT ENGINE BUILDS\ULTIMATE POINT ENGINE V0.6\PROJECTS\VS2010\DEBUG\HLDLL\INT\EGON.OBJ
C:\USERS\Константин\DESKTOP\UP\ULTIMATE POINT ENGINE BUILDS\ULTIMATE POINT ENGINE V0.6\PROJECTS\VS2010\DEBUG\HLDLL\INT\EXPLODE.OBJ
C:\USERS\Константин\DESKTOP\UP\ULTIMATE POINT ENGINE BUILDS\ULTIMATE POINT ENGINE V0.6\PROJECTS\VS2010\DEBUG\HLDLL\INT\FLYINGMONSTER.OBJ
C:\USERS\Константин\DESKTOP\UP\ULTIMATE POINT ENGINE BUILDS\ULTIMATE POINT ENGINE V0.6\PROJECTS\VS2010\DEBUG\HLDLL\INT\FUNC_BREAK.OBJ
C:\USERS\Константин\DESKTOP\UP\ULTIMATE POINT ENGINE BUILDS\ULTIMATE POINT ENGINE V0.6\PROJECTS\VS2010\DEBUG\HLDLL\INT\FUNC_TANK.OBJ
C:\USERS\Константин\DESKTOP\UP\ULTIMATE POINT ENGINE BUILDS\ULTIMATE POINT ENGINE V0.6\PROJECTS\VS2010\DEBUG\HLDLL\INT\GAME.OBJ
C:\USERS\Константин\DESKTOP\UP\ULTIMATE POINT ENGINE BUILDS\ULTIMATE POINT ENGINE V0.6\PROJECTS\VS2010\DEBUG\HLDLL\INT\GAMERULES.OBJ
C:\USERS\Константин\DESKTOP\UP\ULTIMATE POINT ENGINE BUILDS\ULTIMATE POINT ENGINE V0.6\PROJECTS\VS2010\DEBUG\HLDLL\INT\GARGANTUA.OBJ
C:\USERS\Константин\DESKTOP\UP\ULTIMATE POINT ENGINE BUILDS\ULTIMATE POINT ENGINE V0.6\PROJECTS\VS2010\DEBUG\HLDLL\INT\GAUSS.OBJ
C:\USERS\Константин\DESKTOP\UP\ULTIMATE POINT ENGINE BUILDS\ULTIMATE POINT ENGINE V0.6\PROJECTS\VS2010\DEBUG\HLDLL\INT\GENERICITEM.OBJ
C:\USERS\Константин\DESKTOP\UP\ULTIMATE POINT ENGINE BUILDS\ULTIMATE POINT ENGINE V0.6\PROJECTS\VS2010\DEBUG\HLDLL\INT\GENERICMONSTER.OBJ
C:\USERS\Константин\DESKTOP\UP\ULTIMATE POINT ENGINE BUILDS\ULTIMATE POINT ENGINE V0.6\PROJECTS\VS2010\DEBUG\HLDLL\INT\GGRENADE.OBJ
C:\USERS\Константин\DESKTOP\UP\ULTIMATE POINT ENGINE BUILDS\ULTIMATE POINT ENGINE V0.6\PROJECTS\VS2010\DEBUG\HLDLL\INT\GLOBALS.OBJ
C:\USERS\Константин\DESKTOP\UP\ULTIMATE POINT ENGINE BUILDS\ULTIMATE POINT ENGINE V0.6\PROJECTS\VS2010\DEBUG\HLDLL\INT\GMAN.OBJ
C:\USERS\Константин\DESKTOP\UP\ULTIMATE POINT ENGINE BUILDS\ULTIMATE POINT ENGINE V0.6\PROJECTS\VS2010\DEBUG\HLDLL\INT\H_AI.OBJ
C:\USERS\Константин\DESKTOP\UP\ULTIMATE POINT ENGINE BUILDS\ULTIMATE POINT ENGINE V0.6\PROJECTS\VS2010\DEBUG\HLDLL\INT\H_BATTERY.OBJ
C:\USERS\Константин\DESKTOP\UP\ULTIMATE POINT ENGINE BUILDS\ULTIMATE POINT ENGINE V0.6\PROJECTS\VS2010\DEBUG\HLDLL\INT\H_CINE.OBJ
C:\USERS\Константин\DESKTOP\UP\ULTIMATE POINT ENGINE BUILDS\ULTIMATE POINT ENGINE V0.6\PROJECTS\VS2010\DEBUG\HLDLL\INT\H_CYCLER.OBJ
C:\USERS\Константин\DESKTOP\UP\ULTIMATE POINT ENGINE BUILDS\ULTIMATE POINT ENGINE V0.6\PROJECTS\VS2010\DEBUG\HLDLL\INT\H_EXPORT.OBJ
C:\USERS\Константин\DESKTOP\UP\ULTIMATE POINT ENGINE BUILDS\ULTIMATE POINT ENGINE V0.6\PROJECTS\VS2010\DEBUG\HLDLL\INT\HANDGRENADE.OBJ
C:\USERS\Константин\DESKTOP\UP\ULTIMATE POINT ENGINE BUILDS\ULTIMATE POINT ENGINE V0.6\PROJECTS\VS2010\DEBUG\HLDLL\INT\HASSASSIN.OBJ
C:\USERS\Константин\DESKTOP\UP\ULTIMATE POINT ENGINE BUILDS\ULTIMATE POINT ENGINE V0.6\PROJECTS\VS2010\DEBUG\HLDLL\INT\HEADCRAB.OBJ
C:\USERS\Константин\DESKTOP\UP\ULTIMATE POINT ENGINE BUILDS\ULTIMATE POINT ENGINE V0.6\PROJECTS\VS2010\DEBUG\HLDLL\INT\HEALTHKIT.OBJ
C:\USERS\Константин\DESKTOP\UP\ULTIMATE POINT ENGINE BUILDS\ULTIMATE POINT ENGINE V0.6\PROJECTS\VS2010\DEBUG\HLDLL\INT\HGRUNT.OBJ
C:\USERS\Константин\DESKTOP\UP\ULTIMATE POINT ENGINE BUILDS\ULTIMATE POINT ENGINE V0.6\PROJECTS\VS2010\DEBUG\HLDLL\INT\HL_WPN_GLOCK.OBJ
C:\USERS\Константин\DESKTOP\UP\ULTIMATE POINT ENGINE BUILDS\ULTIMATE POINT ENGINE V0.6\PROJECTS\VS2010\DEBUG\HLDLL\INT\HORNET.OBJ
C:\USERS\Константин\DESKTOP\UP\ULTIMATE POINT ENGINE BUILDS\ULTIMATE POINT ENGINE V0.6\PROJECTS\VS2010\DEBUG\HLDLL\INT\HORNETGUN.OBJ
C:\USERS\Константин\DESKTOP\UP\ULTIMATE POINT ENGINE BUILDS\ULTIMATE POINT ENGINE V0.6\PROJECTS\VS2010\DEBUG\HLDLL\INT\HOUNDEYE.OBJ
C:\USERS\Константин\DESKTOP\UP\ULTIMATE POINT ENGINE BUILDS\ULTIMATE POINT ENGINE V0.6\PROJECTS\VS2010\DEBUG\HLDLL\INT\ICHTHYOSAUR.OBJ
C:\USERS\Константин\DESKTOP\UP\ULTIMATE POINT ENGINE BUILDS\ULTIMATE POINT ENGINE V0.6\PROJECTS\VS2010\DEBUG\HLDLL\INT\ISLAVE.OBJ
C:\USERS\Константин\DESKTOP\UP\ULTIMATE POINT ENGINE BUILDS\ULTIMATE POINT ENGINE V0.6\PROJECTS\VS2010\DEBUG\HLDLL\INT\ISOTOPEBOX.OBJ
C:\USERS\Константин\DESKTOP\UP\ULTIMATE POINT ENGINE BUILDS\ULTIMATE POINT ENGINE V0.6\PROJECTS\VS2010\DEBUG\HLDLL\INT\ITEMS.OBJ
C:\USERS\Константин\DESKTOP\UP\ULTIMATE POINT ENGINE BUILDS\ULTIMATE POINT ENGINE V0.6\PROJECTS\VS2010\DEBUG\HLDLL\INT\LEECH.OBJ
C:\USERS\Константин\DESKTOP\UP\ULTIMATE POINT ENGINE BUILDS\ULTIMATE POINT ENGINE V0.6\PROJECTS\VS2010\DEBUG\HLDLL\INT\LIGHTS.OBJ
C:\USERS\Константин\DESKTOP\UP\ULTIMATE POINT ENGINE BUILDS\ULTIMATE POINT ENGINE V0.6\PROJECTS\VS2010\DEBUG\HLDLL\INT\MAPRULES.OBJ
C:\USERS\Константин\DESKTOP\UP\ULTIMATE POINT ENGINE BUILDS\ULTIMATE POINT ENGINE V0.6\PROJECTS\VS2010\DEBUG\HLDLL\INT\MIRROR.OBJ
C:\USERS\Константин\DESKTOP\UP\ULTIMATE POINT ENGINE BUILDS\ULTIMATE POINT ENGINE V0.6\PROJECTS\VS2010\DEBUG\HLDLL\INT\MODEL.OBJ
C:\USERS\Константин\DESKTOP\UP\ULTIMATE POINT ENGINE BUILDS\ULTIMATE POINT ENGINE V0.6\PROJECTS\VS2010\DEBUG\HLDLL\INT\MONSTERMAKER.OBJ
C:\USERS\Константин\DESKTOP\UP\ULTIMATE POINT ENGINE BUILDS\ULTIMATE POINT ENGINE V0.6\PROJECTS\VS2010\DEBUG\HLDLL\INT\MONSTERS.OBJ
C:\USERS\Константин\DESKTOP\UP\ULTIMATE POINT ENGINE BUILDS\ULTIMATE POINT ENGINE V0.6\PROJECTS\VS2010\DEBUG\HLDLL\INT\MONSTERSTATE.OBJ
C:\USERS\Константин\DESKTOP\UP\ULTIMATE POINT ENGINE BUILDS\ULTIMATE POINT ENGINE V0.6\PROJECTS\VS2010\DEBUG\HLDLL\INT\MORTAR.OBJ
C:\USERS\Константин\DESKTOP\UP\ULTIMATE POINT ENGINE BUILDS\ULTIMATE POINT ENGINE V0.6\PROJECTS\VS2010\DEBUG\HLDLL\INT\MP5.OBJ
C:\USERS\Константин\DESKTOP\UP\ULTIMATE POINT ENGINE BUILDS\ULTIMATE POINT ENGINE V0.6\PROJECTS\VS2010\DEBUG\HLDLL\INT\MRFRIENDLY.OBJ
C:\USERS\Константин\DESKTOP\UP\ULTIMATE POINT ENGINE BUILDS\ULTIMATE POINT ENGINE V0.6\PROJECTS\VS2010\DEBUG\HLDLL\INT\MULTIPLAY_GAMERULES.OBJ
C:\USERS\Константин\DESKTOP\UP\ULTIMATE POINT ENGINE BUILDS\ULTIMATE POINT ENGINE V0.6\PROJECTS\VS2010\DEBUG\HLDLL\INT\NIHILANTH.OBJ
C:\USERS\Константин\DESKTOP\UP\ULTIMATE POINT ENGINE BUILDS\ULTIMATE POINT ENGINE V0.6\PROJECTS\VS2010\DEBUG\HLDLL\INT\NODES.OBJ
C:\USERS\Константин\DESKTOP\UP\ULTIMATE POINT ENGINE BUILDS\ULTIMATE POINT ENGINE V0.6\PROJECTS\VS2010\DEBUG\HLDLL\INT\OBSERVER.OBJ
C:\USERS\Константин\DESKTOP\UP\ULTIMATE POINT ENGINE BUILDS\ULTIMATE POINT ENGINE V0.6\PROJECTS\VS2010\DEBUG\HLDLL\INT\OSPREY.OBJ
C:\USERS\Константин\DESKTOP\UP\ULTIMATE POINT ENGINE BUILDS\ULTIMATE POINT ENGINE V0.6\PROJECTS\VS2010\DEBUG\HLDLL\INT\PATHCORNER.OBJ
C:\USERS\Константин\DESKTOP\UP\ULTIMATE POINT ENGINE BUILDS\ULTIMATE POINT ENGINE V0.6\PROJECTS\VS2010\DEBUG\HLDLL\INT\PLANE.OBJ
C:\USERS\Константин\DESKTOP\UP\ULTIMATE POINT ENGINE BUILDS\ULTIMATE POINT ENGINE V0.6\PROJECTS\VS2010\DEBUG\HLDLL\INT\PLATS.OBJ
C:\USERS\Константин\DESKTOP\UP\ULTIMATE POINT ENGINE BUILDS\ULTIMATE POINT ENGINE V0.6\PROJECTS\VS2010\DEBUG\HLDLL\INT\PLAYER.OBJ
C:\USERS\Константин\DESKTOP\UP\ULTIMATE POINT ENGINE BUILDS\ULTIMATE POINT ENGINE V0.6\PROJECTS\VS2010\DEBUG\HLDLL\INT\PLAYERMONSTER.OBJ
C:\USERS\Константин\DESKTOP\UP\ULTIMATE POINT ENGINE BUILDS\ULTIMATE POINT ENGINE V0.6\PROJECTS\VS2010\DEBUG\HLDLL\INT\PM_DEBUG.OBJ
C:\USERS\Константин\DESKTOP\UP\ULTIMATE POINT ENGINE BUILDS\ULTIMATE POINT ENGINE V0.6\PROJECTS\VS2010\DEBUG\HLDLL\INT\PM_MATH.OBJ
C:\USERS\Константин\DESKTOP\UP\ULTIMATE POINT ENGINE BUILDS\ULTIMATE POINT ENGINE V0.6\PROJECTS\VS2010\DEBUG\HLDLL\INT\PM_SHARED.OBJ
C:\USERS\Константин\DESKTOP\UP\ULTIMATE POINT ENGINE BUILDS\ULTIMATE POINT ENGINE V0.6\PROJECTS\VS2010\DEBUG\HLDLL\INT\PYTHON.OBJ
C:\USERS\Константин\DESKTOP\UP\ULTIMATE POINT ENGINE BUILDS\ULTIMATE POINT ENGINE V0.6\PROJECTS\VS2010\DEBUG\HLDLL\INT\RAT.OBJ
C:\USERS\Константин\DESKTOP\UP\ULTIMATE POINT ENGINE BUILDS\ULTIMATE POINT ENGINE V0.6\PROJECTS\VS2010\DEBUG\HLDLL\INT\ROACH.OBJ
C:\USERS\Константин\DESKTOP\UP\ULTIMATE POINT ENGINE BUILDS\ULTIMATE POINT ENGINE V0.6\PROJECTS\VS2010\DEBUG\HLDLL\INT\RPG.OBJ
C:\USERS\Константин\DESKTOP\UP\ULTIMATE POINT ENGINE BUILDS\ULTIMATE POINT ENGINE V0.6\PROJECTS\VS2010\DEBUG\HLDLL\INT\SATCHEL.OBJ
C:\USERS\Константин\DESKTOP\UP\ULTIMATE POINT ENGINE BUILDS\ULTIMATE POINT ENGINE V0.6\PROJECTS\VS2010\DEBUG\HLDLL\INT\SCHEDULE.OBJ
C:\USERS\Константин\DESKTOP\UP\ULTIMATE POINT ENGINE BUILDS\ULTIMATE POINT ENGINE V0.6\PROJECTS\VS2010\DEBUG\HLDLL\INT\SCIENTIST.OBJ
C:\USERS\Константин\DESKTOP\UP\ULTIMATE POINT ENGINE BUILDS\ULTIMATE POINT ENGINE V0.6\PROJECTS\VS2010\DEBUG\HLDLL\INT\SCRIPTED.OBJ
C:\USERS\Константин\DESKTOP\UP\ULTIMATE POINT ENGINE BUILDS\ULTIMATE POINT ENGINE V0.6\PROJECTS\VS2010\DEBUG\HLDLL\INT\SHOTGUN.OBJ
C:\USERS\Константин\DESKTOP\UP\ULTIMATE POINT ENGINE BUILDS\ULTIMATE POINT ENGINE V0.6\PROJECTS\VS2010\DEBUG\HLDLL\INT\SINGLEPLAY_GAMERULES.OBJ
C:\USERS\Константин\DESKTOP\UP\ULTIMATE POINT ENGINE BUILDS\ULTIMATE POINT ENGINE V0.6\PROJECTS\VS2010\DEBUG\HLDLL\INT\SKILL.OBJ
C:\USERS\Константин\DESKTOP\UP\ULTIMATE POINT ENGINE BUILDS\ULTIMATE POINT ENGINE V0.6\PROJECTS\VS2010\DEBUG\HLDLL\INT\SOUND.OBJ
C:\USERS\Константин\DESKTOP\UP\ULTIMATE POINT ENGINE BUILDS\ULTIMATE POINT ENGINE V0.6\PROJECTS\VS2010\DEBUG\HLDLL\INT\SOUNDENT.OBJ
C:\USERS\Константин\DESKTOP\UP\ULTIMATE POINT ENGINE BUILDS\ULTIMATE POINT ENGINE V0.6\PROJECTS\VS2010\DEBUG\HLDLL\INT\SPECTATOR.OBJ
C:\USERS\Константин\DESKTOP\UP\ULTIMATE POINT ENGINE BUILDS\ULTIMATE POINT ENGINE V0.6\PROJECTS\VS2010\DEBUG\HLDLL\INT\SQUADMONSTER.OBJ
C:\USERS\Константин\DESKTOP\UP\ULTIMATE POINT ENGINE BUILDS\ULTIMATE POINT ENGINE V0.6\PROJECTS\VS2010\DEBUG\HLDLL\INT\SQUEAKGRENADE.OBJ
C:\USERS\Константин\DESKTOP\UP\ULTIMATE POINT ENGINE BUILDS\ULTIMATE POINT ENGINE V0.6\PROJECTS\VS2010\DEBUG\HLDLL\INT\SUBS.OBJ
C:\USERS\Константин\DESKTOP\UP\ULTIMATE POINT ENGINE BUILDS\ULTIMATE POINT ENGINE V0.6\PROJECTS\VS2010\DEBUG\HLDLL\INT\TALKMONSTER.OBJ
C:\USERS\Константин\DESKTOP\UP\ULTIMATE POINT ENGINE BUILDS\ULTIMATE POINT ENGINE V0.6\PROJECTS\VS2010\DEBUG\HLDLL\INT\TEAMPLAY_GAMERULES.OBJ
C:\USERS\Константин\DESKTOP\UP\ULTIMATE POINT ENGINE BUILDS\ULTIMATE POINT ENGINE V0.6\PROJECTS\VS2010\DEBUG\HLDLL\INT\TEMPMONSTER.OBJ
C:\USERS\Константин\DESKTOP\UP\ULTIMATE POINT ENGINE BUILDS\ULTIMATE POINT ENGINE V0.6\PROJECTS\VS2010\DEBUG\HLDLL\INT\TENTACLE.OBJ
C:\USERS\Константин\DESKTOP\UP\ULTIMATE POINT ENGINE BUILDS\ULTIMATE POINT ENGINE V0.6\PROJECTS\VS2010\DEBUG\HLDLL\INT\TRIGGERS.OBJ
C:\USERS\Константин\DESKTOP\UP\ULTIMATE POINT ENGINE BUILDS\ULTIMATE POINT ENGINE V0.6\PROJECTS\VS2010\DEBUG\HLDLL\INT\TRIPMINE.OBJ
C:\USERS\Константин\DESKTOP\UP\ULTIMATE POINT ENGINE BUILDS\ULTIMATE POINT ENGINE V0.6\PROJECTS\VS2010\DEBUG\HLDLL\INT\TURRET.OBJ
C:\USERS\Константин\DESKTOP\UP\ULTIMATE POINT ENGINE BUILDS\ULTIMATE POINT ENGINE V0.6\PROJECTS\VS2010\DEBUG\HLDLL\INT\UTIL.OBJ
C:\USERS\КОНСТАНТИН\DESKTOP\UP\ULTIMATE POINT ENGINE BUILDS\ULTIMATE POINT ENGINE V0.6\PROJECTS\VS2010\DEBUG\HLDLL\INT\VC100.PDB
C:\USERS\Константин\DESKTOP\UP\ULTIMATE POINT ENGINE BUILDS\ULTIMATE POINT ENGINE V0.6\PROJECTS\VS2010\DEBUG\HLDLL\INT\VOICE_GAMEMGR.OBJ
C:\USERS\Константин\DESKTOP\UP\ULTIMATE POINT ENGINE BUILDS\ULTIMATE POINT ENGINE V0.6\PROJECTS\VS2010\DEBUG\HLDLL\INT\WEAPONS.OBJ
C:\USERS\Константин\DESKTOP\UP\ULTIMATE POINT ENGINE BUILDS\ULTIMATE POINT ENGINE V0.6\PROJECTS\VS2010\DEBUG\HLDLL\INT\WORLD.OBJ
C:\USERS\Константин\DESKTOP\UP\ULTIMATE POINT ENGINE BUILDS\ULTIMATE POINT ENGINE V0.6\PROJECTS\VS2010\DEBUG\HLDLL\INT\XEN.OBJ
C:\USERS\Константин\DESKTOP\UP\ULTIMATE POINT ENGINE BUILDS\ULTIMATE POINT ENGINE V0.6\PROJECTS\VS2010\DEBUG\HLDLL\INT\ZOMBIE.OBJ
C:\USERS\Константин\DESKTOP\UP\ULTIMATE POINT ENGINE BUILDS\ULTIMATE POINT ENGINE V0.7\PROJECTS\VS2010\DEBUG\HLDLL\INT\AFLOCK.OBJ
C:\USERS\Константин\DESKTOP\UP\ULTIMATE POINT ENGINE BUILDS\ULTIMATE POINT ENGINE V0.7\PROJECTS\VS2010\DEBUG\HLDLL\INT\AGRUNT.OBJ
C:\USERS\Константин\DESKTOP\UP\ULTIMATE POINT ENGINE BUILDS\ULTIMATE POINT ENGINE V0.7\PROJECTS\VS2010\DEBUG\HLDLL\INT\AIRTANK.OBJ
C:\USERS\Константин\DESKTOP\UP\ULTIMATE POINT ENGINE BUILDS\ULTIMATE POINT ENGINE V0.7\PROJECTS\VS2010\DEBUG\HLDLL\INT\ANIMATING.OBJ
C:\USERS\Константин\DESKTOP\UP\ULTIMATE POINT ENGINE BUILDS\ULTIMATE POINT ENGINE V0.7\PROJECTS\VS2010\DEBUG\HLDLL\INT\ANIMATION.OBJ
C:\USERS\Константин\DESKTOP\UP\ULTIMATE POINT ENGINE BUILDS\ULTIMATE POINT ENGINE V0.7\PROJECTS\VS2010\DEBUG\HLDLL\INT\APACHE.OBJ
C:\USERS\Константин\DESKTOP\UP\ULTIMATE POINT ENGINE BUILDS\ULTIMATE POINT ENGINE V0.7\PROJECTS\VS2010\DEBUG\HLDLL\INT\BARNACLE.OBJ
C:\USERS\Константин\DESKTOP\UP\ULTIMATE POINT ENGINE BUILDS\ULTIMATE POINT ENGINE V0.7\PROJECTS\VS2010\DEBUG\HLDLL\INT\BARNEY.OBJ
C:\USERS\Константин\DESKTOP\UP\ULTIMATE POINT ENGINE BUILDS\ULTIMATE POINT ENGINE V0.7\PROJECTS\VS2010\DEBUG\HLDLL\INT\BIGMOMMA.OBJ
C:\USERS\Константин\DESKTOP\UP\ULTIMATE POINT ENGINE BUILDS\ULTIMATE POINT ENGINE V0.7\PROJECTS\VS2010\DEBUG\HLDLL\INT\BLOATER.OBJ
C:\USERS\Константин\DESKTOP\UP\ULTIMATE POINT ENGINE BUILDS\ULTIMATE POINT ENGINE V0.7\PROJECTS\VS2010\DEBUG\HLDLL\INT\BMODELS.OBJ
C:\USERS\Константин\DESKTOP\UP\ULTIMATE POINT ENGINE BUILDS\ULTIMATE POINT ENGINE V0.7\PROJECTS\VS2010\DEBUG\HLDLL\INT\BULLSQUID.OBJ
C:\USERS\Константин\DESKTOP\UP\ULTIMATE POINT ENGINE BUILDS\ULTIMATE POINT ENGINE V0.7\PROJECTS\VS2010\DEBUG\HLDLL\INT\BUTTONS.OBJ
C:\USERS\Константин\DESKTOP\UP\ULTIMATE POINT ENGINE BUILDS\ULTIMATE POINT ENGINE V0.7\PROJECTS\VS2010\DEBUG\HLDLL\INT\CBASE.OBJ
C:\USERS\Константин\DESKTOP\UP\ULTIMATE POINT ENGINE BUILDS\ULTIMATE POINT ENGINE V0.7\PROJECTS\VS2010\DEBUG\HLDLL\INT\CLIENT.OBJ
C:\USERS\Константин\DESKTOP\UP\ULTIMATE POINT ENGINE BUILDS\ULTIMATE POINT ENGINE V0.7\PROJECTS\VS2010\DEBUG\HLDLL\INT\COMBAT.OBJ
C:\USERS\Константин\DESKTOP\UP\ULTIMATE POINT ENGINE BUILDS\ULTIMATE POINT ENGINE V0.7\PROJECTS\VS2010\DEBUG\HLDLL\INT\CONTROLLER.OBJ
C:\USERS\Константин\DESKTOP\UP\ULTIMATE POINT ENGINE BUILDS\ULTIMATE POINT ENGINE V0.7\PROJECTS\VS2010\DEBUG\HLDLL\INT\CROSSBOW.OBJ
C:\USERS\Константин\DESKTOP\UP\ULTIMATE POINT ENGINE BUILDS\ULTIMATE POINT ENGINE V0.7\PROJECTS\VS2010\DEBUG\HLDLL\INT\CROWBAR.OBJ
C:\USERS\Константин\DESKTOP\UP\ULTIMATE POINT ENGINE BUILDS\ULTIMATE POINT ENGINE V0.7\PROJECTS\VS2010\DEBUG\HLDLL\INT\CUSTOMIZE.OBJ
C:\USERS\Константин\DESKTOP\UP\ULTIMATE POINT ENGINE BUILDS\ULTIMATE POINT ENGINE V0.7\PROJECTS\VS2010\DEBUG\HLDLL\INT\DEAGLE.OBJ
C:\USERS\Константин\DESKTOP\UP\ULTIMATE POINT ENGINE BUILDS\ULTIMATE POINT ENGINE V0.7\PROJECTS\VS2010\DEBUG\HLDLL\INT\DEFAULTAI.OBJ
C:\USERS\Константин\DESKTOP\UP\ULTIMATE POINT ENGINE BUILDS\ULTIMATE POINT ENGINE V0.7\PROJECTS\VS2010\DEBUG\HLDLL\INT\DIABLO.OBJ
C:\USERS\Константин\DESKTOP\UP\ULTIMATE POINT ENGINE BUILDS\ULTIMATE POINT ENGINE V0.7\PROJECTS\VS2010\DEBUG\HLDLL\INT\DOORS.OBJ
C:\USERS\Константин\DESKTOP\UP\ULTIMATE POINT ENGINE BUILDS\ULTIMATE POINT ENGINE V0.7\PROJECTS\VS2010\DEBUG\HLDLL\INT\EE.DLL.EMBED.MANIFEST.RES
C:\USERS\Константин\DESKTOP\UP\ULTIMATE POINT ENGINE BUILDS\ULTIMATE POINT ENGINE V0.7\PROJECTS\VS2010\DEBUG\HLDLL\INT\EFFECTS.OBJ
C:\USERS\Константин\DESKTOP\UP\ULTIMATE POINT ENGINE BUILDS\ULTIMATE POINT ENGINE V0.7\PROJECTS\VS2010\DEBUG\HLDLL\INT\EGON.OBJ
C:\USERS\Константин\DESKTOP\UP\ULTIMATE POINT ENGINE BUILDS\ULTIMATE POINT ENGINE V0.7\PROJECTS\VS2010\DEBUG\HLDLL\INT\EXPLODE.OBJ
C:\USERS\Константин\DESKTOP\UP\ULTIMATE POINT ENGINE BUILDS\ULTIMATE POINT ENGINE V0.7\PROJECTS\VS2010\DEBUG\HLDLL\INT\FLYINGMONSTER.OBJ
C:\USERS\Константин\DESKTOP\UP\ULTIMATE POINT ENGINE BUILDS\ULTIMATE POINT ENGINE V0.7\PROJECTS\VS2010\DEBUG\HLDLL\INT\FUNC_BREAK.OBJ
C:\USERS\Константин\DESKTOP\UP\ULTIMATE POINT ENGINE BUILDS\ULTIMATE POINT ENGINE V0.7\PROJECTS\VS2010\DEBUG\HLDLL\INT\FUNC_TANK.OBJ
C:\USERS\Константин\DESKTOP\UP\ULTIMATE POINT ENGINE BUILDS\ULTIMATE POINT ENGINE V0.7\PROJECTS\VS2010\DEBUG\HLDLL\INT\GAME.OBJ
C:\USERS\Константин\DESKTOP\UP\ULTIMATE POINT ENGINE BUILDS\ULTIMATE POINT ENGINE V0.7\PROJECTS\VS2010\DEBUG\HLDLL\INT\GAMERULES.OBJ
C:\USERS\Константин\DESKTOP\UP\ULTIMATE POINT ENGINE BUILDS\ULTIMATE POINT ENGINE V0.7\PROJECTS\VS2010\DEBUG\HLDLL\INT\GARGANTUA.OBJ
C:\USERS\Константин\DESKTOP\UP\ULTIMATE POINT ENGINE BUILDS\ULTIMATE POINT ENGINE V0.7\PROJECTS\VS2010\DEBUG\HLDLL\INT\GAUSS.OBJ
C:\USERS\Константин\DESKTOP\UP\ULTIMATE POINT ENGINE BUILDS\ULTIMATE POINT ENGINE V0.7\PROJECTS\VS2010\DEBUG\HLDLL\INT\GENERICITEM.OBJ
C:\USERS\Константин\DESKTOP\UP\ULTIMATE POINT ENGINE BUILDS\ULTIMATE POINT ENGINE V0.7\PROJECTS\VS2010\DEBUG\HLDLL\INT\GENERICMONSTER.OBJ
C:\USERS\Константин\DESKTOP\UP\ULTIMATE POINT ENGINE BUILDS\ULTIMATE POINT ENGINE V0.7\PROJECTS\VS2010\DEBUG\HLDLL\INT\GGRENADE.OBJ
C:\USERS\Константин\DESKTOP\UP\ULTIMATE POINT ENGINE BUILDS\ULTIMATE POINT ENGINE V0.7\PROJECTS\VS2010\DEBUG\HLDLL\INT\GLOBALS.OBJ
C:\USERS\Константин\DESKTOP\UP\ULTIMATE POINT ENGINE BUILDS\ULTIMATE POINT ENGINE V0.7\PROJECTS\VS2010\DEBUG\HLDLL\INT\GLOCK.OBJ
C:\USERS\Константин\DESKTOP\UP\ULTIMATE POINT ENGINE BUILDS\ULTIMATE POINT ENGINE V0.7\PROJECTS\VS2010\DEBUG\HLDLL\INT\GMAN.OBJ
C:\USERS\Константин\DESKTOP\UP\ULTIMATE POINT ENGINE BUILDS\ULTIMATE POINT ENGINE V0.7\PROJECTS\VS2010\DEBUG\HLDLL\INT\H_AI.OBJ
C:\USERS\Константин\DESKTOP\UP\ULTIMATE POINT ENGINE BUILDS\ULTIMATE POINT ENGINE V0.7\PROJECTS\VS2010\DEBUG\HLDLL\INT\H_BATTERY.OBJ
C:\USERS\Константин\DESKTOP\UP\ULTIMATE POINT ENGINE BUILDS\ULTIMATE POINT ENGINE V0.7\PROJECTS\VS2010\DEBUG\HLDLL\INT\H_CINE.OBJ
C:\USERS\Константин\DESKTOP\UP\ULTIMATE POINT ENGINE BUILDS\ULTIMATE POINT ENGINE V0.7\PROJECTS\VS2010\DEBUG\HLDLL\INT\H_CYCLER.OBJ
C:\USERS\Константин\DESKTOP\UP\ULTIMATE POINT ENGINE BUILDS\ULTIMATE POINT ENGINE V0.7\PROJECTS\VS2010\DEBUG\HLDLL\INT\H_EXPORT.OBJ
C:\USERS\Константин\DESKTOP\UP\ULTIMATE POINT ENGINE BUILDS\ULTIMATE POINT ENGINE V0.7\PROJECTS\VS2010\DEBUG\HLDLL\INT\HANDGRENADE.OBJ
C:\USERS\Константин\DESKTOP\UP\ULTIMATE POINT ENGINE BUILDS\ULTIMATE POINT ENGINE V0.7\PROJECTS\VS2010\DEBUG\HLDLL\INT\HASSASSIN.OBJ
C:\USERS\Константин\DESKTOP\UP\ULTIMATE POINT ENGINE BUILDS\ULTIMATE POINT ENGINE V0.7\PROJECTS\VS2010\DEBUG\HLDLL\INT\HEADCRAB.OBJ
C:\USERS\Константин\DESKTOP\UP\ULTIMATE POINT ENGINE BUILDS\ULTIMATE POINT ENGINE V0.7\PROJECTS\VS2010\DEBUG\HLDLL\INT\HEALTHKIT.OBJ
C:\USERS\Константин\DESKTOP\UP\ULTIMATE POINT ENGINE BUILDS\ULTIMATE POINT ENGINE V0.7\PROJECTS\VS2010\DEBUG\HLDLL\INT\HGRUNT.OBJ
C:\USERS\Константин\DESKTOP\UP\ULTIMATE POINT ENGINE BUILDS\ULTIMATE POINT ENGINE V0.7\PROJECTS\VS2010\DEBUG\HLDLL\INT\HL_WPN_GLOCK.OBJ
C:\USERS\Константин\DESKTOP\UP\ULTIMATE POINT ENGINE BUILDS\ULTIMATE POINT ENGINE V0.7\PROJECTS\VS2010\DEBUG\HLDLL\INT\HORNET.OBJ
C:\USERS\Константин\DESKTOP\UP\ULTIMATE POINT ENGINE BUILDS\ULTIMATE POINT ENGINE V0.7\PROJECTS\VS2010\DEBUG\HLDLL\INT\HORNETGUN.OBJ
C:\USERS\Константин\DESKTOP\UP\ULTIMATE POINT ENGINE BUILDS\ULTIMATE POINT ENGINE V0.7\PROJECTS\VS2010\DEBUG\HLDLL\INT\HOUNDEYE.OBJ
C:\USERS\Константин\DESKTOP\UP\ULTIMATE POINT ENGINE BUILDS\ULTIMATE POINT ENGINE V0.7\PROJECTS\VS2010\DEBUG\HLDLL\INT\ICHTHYOSAUR.OBJ
C:\USERS\Константин\DESKTOP\UP\ULTIMATE POINT ENGINE BUILDS\ULTIMATE POINT ENGINE V0.7\PROJECTS\VS2010\DEBUG\HLDLL\INT\ISLAVE.OBJ
C:\USERS\Константин\DESKTOP\UP\ULTIMATE POINT ENGINE BUILDS\ULTIMATE POINT ENGINE V0.7\PROJECTS\VS2010\DEBUG\HLDLL\INT\ISOTOPEBOX.OBJ
C:\USERS\Константин\DESKTOP\UP\ULTIMATE POINT ENGINE BUILDS\ULTIMATE POINT ENGINE V0.7\PROJECTS\VS2010\DEBUG\HLDLL\INT\ITEMS.OBJ
C:\USERS\Константин\DESKTOP\UP\ULTIMATE POINT ENGINE BUILDS\ULTIMATE POINT ENGINE V0.7\PROJECTS\VS2010\DEBUG\HLDLL\INT\LEECH.OBJ
C:\USERS\Константин\DESKTOP\UP\ULTIMATE POINT ENGINE BUILDS\ULTIMATE POINT ENGINE V0.7\PROJECTS\VS2010\DEBUG\HLDLL\INT\LIGHTS.OBJ
C:\USERS\Константин\DESKTOP\UP\ULTIMATE POINT ENGINE BUILDS\ULTIMATE POINT ENGINE V0.7\PROJECTS\VS2010\DEBUG\HLDLL\INT\MAPRULES.OBJ
C:\USERS\Константин\DESKTOP\UP\ULTIMATE POINT ENGINE BUILDS\ULTIMATE POINT ENGINE V0.7\PROJECTS\VS2010\DEBUG\HLDLL\INT\MIRROR.OBJ
C:\USERS\Константин\DESKTOP\UP\ULTIMATE POINT ENGINE BUILDS\ULTIMATE POINT ENGINE V0.7\PROJECTS\VS2010\DEBUG\HLDLL\INT\MODEL.OBJ
C:\USERS\Константин\DESKTOP\UP\ULTIMATE POINT ENGINE BUILDS\ULTIMATE POINT ENGINE V0.7\PROJECTS\VS2010\DEBUG\HLDLL\INT\MONSTERMAKER.OBJ
C:\USERS\Константин\DESKTOP\UP\ULTIMATE POINT ENGINE BUILDS\ULTIMATE POINT ENGINE V0.7\PROJECTS\VS2010\DEBUG\HLDLL\INT\MONSTERS.OBJ
C:\USERS\Константин\DESKTOP\UP\ULTIMATE POINT ENGINE BUILDS\ULTIMATE POINT ENGINE V0.7\PROJECTS\VS2010\DEBUG\HLDLL\INT\MONSTERSTATE.OBJ
C:\USERS\Константин\DESKTOP\UP\ULTIMATE POINT ENGINE BUILDS\ULTIMATE POINT ENGINE V0.7\PROJECTS\VS2010\DEBUG\HLDLL\INT\MORTAR.OBJ
C:\USERS\Константин\DESKTOP\UP\ULTIMATE POINT ENGINE BUILDS\ULTIMATE POINT ENGINE V0.7\PROJECTS\VS2010\DEBUG\HLDLL\INT\MP5.OBJ
C:\USERS\Константин\DESKTOP\UP\ULTIMATE POINT ENGINE BUILDS\ULTIMATE POINT ENGINE V0.7\PROJECTS\VS2010\DEBUG\HLDLL\INT\MRFRIENDLY.OBJ
C:\USERS\Константин\DESKTOP\UP\ULTIMATE POINT ENGINE BUILDS\ULTIMATE POINT ENGINE V0.7\PROJECTS\VS2010\DEBUG\HLDLL\INT\MULTIPLAY_GAMERULES.OBJ
C:\USERS\Константин\DESKTOP\UP\ULTIMATE POINT ENGINE BUILDS\ULTIMATE POINT ENGINE V0.7\PROJECTS\VS2010\DEBUG\HLDLL\INT\NIHILANTH.OBJ
C:\USERS\Константин\DESKTOP\UP\ULTIMATE POINT ENGINE BUILDS\ULTIMATE POINT ENGINE V0.7\PROJECTS\VS2010\DEBUG\HLDLL\INT\NODES.OBJ
C:\USERS\Константин\DESKTOP\UP\ULTIMATE POINT ENGINE BUILDS\ULTIMATE POINT ENGINE V0.7\PROJECTS\VS2010\DEBUG\HLDLL\INT\OBSERVER.OBJ
C:\USERS\Константин\DESKTOP\UP\ULTIMATE POINT ENGINE BUILDS\ULTIMATE POINT ENGINE V0.7\PROJECTS\VS2010\DEBUG\HLDLL\INT\OSPREY.OBJ
C:\USERS\Константин\DESKTOP\UP\ULTIMATE POINT ENGINE BUILDS\ULTIMATE POINT ENGINE V0.7\PROJECTS\VS2010\DEBUG\HLDLL\INT\PATHCORNER.OBJ
C:\USERS\Константин\DESKTOP\UP\ULTIMATE POINT ENGINE BUILDS\ULTIMATE POINT ENGINE V0.7\PROJECTS\VS2010\DEBUG\HLDLL\INT\PLANE.OBJ
C:\USERS\Константин\DESKTOP\UP\ULTIMATE POINT ENGINE BUILDS\ULTIMATE POINT ENGINE V0.7\PROJECTS\VS2010\DEBUG\HLDLL\INT\PLATS.OBJ
C:\USERS\Константин\DESKTOP\UP\ULTIMATE POINT ENGINE BUILDS\ULTIMATE POINT ENGINE V0.7\PROJECTS\VS2010\DEBUG\HLDLL\INT\PLAYER.OBJ
C:\USERS\Константин\DESKTOP\UP\ULTIMATE POINT ENGINE BUILDS\ULTIMATE POINT ENGINE V0.7\PROJECTS\VS2010\DEBUG\HLDLL\INT\PLAYERMONSTER.OBJ
C:\USERS\Константин\DESKTOP\UP\ULTIMATE POINT ENGINE BUILDS\ULTIMATE POINT ENGINE V0.7\PROJECTS\VS2010\DEBUG\HLDLL\INT\PM_DEBUG.OBJ
C:\USERS\Константин\DESKTOP\UP\ULTIMATE POINT ENGINE BUILDS\ULTIMATE POINT ENGINE V0.7\PROJECTS\VS2010\DEBUG\HLDLL\INT\PM_MATH.OBJ
C:\USERS\Константин\DESKTOP\UP\ULTIMATE POINT ENGINE BUILDS\ULTIMATE POINT ENGINE V0.7\PROJECTS\VS2010\DEBUG\HLDLL\INT\PM_SHARED.OBJ
C:\USERS\Константин\DESKTOP\UP\ULTIMATE POINT ENGINE BUILDS\ULTIMATE POINT ENGINE V0.7\PROJECTS\VS2010\DEBUG\HLDLL\INT\PYTHON.OBJ
C:\USERS\Константин\DESKTOP\UP\ULTIMATE POINT ENGINE BUILDS\ULTIMATE POINT ENGINE V0.7\PROJECTS\VS2010\DEBUG\HLDLL\INT\RAT.OBJ
C:\USERS\Константин\DESKTOP\UP\ULTIMATE POINT ENGINE BUILDS\ULTIMATE POINT ENGINE V0.7\PROJECTS\VS2010\DEBUG\HLDLL\INT\ROACH.OBJ
C:\USERS\Константин\DESKTOP\UP\ULTIMATE POINT ENGINE BUILDS\ULTIMATE POINT ENGINE V0.7\PROJECTS\VS2010\DEBUG\HLDLL\INT\RPG.OBJ
C:\USERS\Константин\DESKTOP\UP\ULTIMATE POINT ENGINE BUILDS\ULTIMATE POINT ENGINE V0.7\PROJECTS\VS2010\DEBUG\HLDLL\INT\SATCHEL.OBJ
C:\USERS\Константин\DESKTOP\UP\ULTIMATE POINT ENGINE BUILDS\ULTIMATE POINT ENGINE V0.7\PROJECTS\VS2010\DEBUG\HLDLL\INT\SCHEDULE.OBJ
C:\USERS\Константин\DESKTOP\UP\ULTIMATE POINT ENGINE BUILDS\ULTIMATE POINT ENGINE V0.7\PROJECTS\VS2010\DEBUG\HLDLL\INT\SCIENTIST.OBJ
C:\USERS\Константин\DESKTOP\UP\ULTIMATE POINT ENGINE BUILDS\ULTIMATE POINT ENGINE V0.7\PROJECTS\VS2010\DEBUG\HLDLL\INT\SCRIPTED.OBJ
C:\USERS\Константин\DESKTOP\UP\ULTIMATE POINT ENGINE BUILDS\ULTIMATE POINT ENGINE V0.7\PROJECTS\VS2010\DEBUG\HLDLL\INT\SHOTGUN.OBJ
C:\USERS\Константин\DESKTOP\UP\ULTIMATE POINT ENGINE BUILDS\ULTIMATE POINT ENGINE V0.7\PROJECTS\VS2010\DEBUG\HLDLL\INT\SINGLEPLAY_GAMERULES.OBJ
C:\USERS\Константин\DESKTOP\UP\ULTIMATE POINT ENGINE BUILDS\ULTIMATE POINT ENGINE V0.7\PROJECTS\VS2010\DEBUG\HLDLL\INT\SKILL.OBJ
C:\USERS\Константин\DESKTOP\UP\ULTIMATE POINT ENGINE BUILDS\ULTIMATE POINT ENGINE V0.7\PROJECTS\VS2010\DEBUG\HLDLL\INT\SOUND.OBJ
C:\USERS\Константин\DESKTOP\UP\ULTIMATE POINT ENGINE BUILDS\ULTIMATE POINT ENGINE V0.7\PROJECTS\VS2010\DEBUG\HLDLL\INT\SOUNDENT.OBJ
C:\USERS\Константин\DESKTOP\UP\ULTIMATE POINT ENGINE BUILDS\ULTIMATE POINT ENGINE V0.7\PROJECTS\VS2010\DEBUG\HLDLL\INT\SPECTATOR.OBJ
C:\USERS\Константин\DESKTOP\UP\ULTIMATE POINT ENGINE BUILDS\ULTIMATE POINT ENGINE V0.7\PROJECTS\VS2010\DEBUG\HLDLL\INT\SQUADMONSTER.OBJ
C:\USERS\Константин\DESKTOP\UP\ULTIMATE POINT ENGINE BUILDS\ULTIMATE POINT ENGINE V0.7\PROJECTS\VS2010\DEBUG\HLDLL\INT\SQUEAKGRENADE.OBJ
C:\USERS\Константин\DESKTOP\UP\ULTIMATE POINT ENGINE BUILDS\ULTIMATE POINT ENGINE V0.7\PROJECTS\VS2010\DEBUG\HLDLL\INT\SUBS.OBJ
C:\USERS\Константин\DESKTOP\UP\ULTIMATE POINT ENGINE BUILDS\ULTIMATE POINT ENGINE V0.7\PROJECTS\VS2010\DEBUG\HLDLL\INT\TALKMONSTER.OBJ
C:\USERS\Константин\DESKTOP\UP\ULTIMATE POINT ENGINE BUILDS\ULTIMATE POINT ENGINE V0.7\PROJECTS\VS2010\DEBUG\HLDLL\INT\TEAMPLAY_GAMERULES.OBJ
C:\USERS\Константин\DESKTOP\UP\ULTIMATE POINT ENGINE BUILDS\ULTIMATE POINT ENGINE V0.7\PROJECTS\VS2010\DEBUG\HLDLL\INT\TEMPMONSTER.OBJ
C:\USERS\Константин\DESKTOP\UP\ULTIMATE POINT ENGINE BUILDS\ULTIMATE POINT ENGINE V0.7\PROJECTS\VS2010\DEBUG\HLDLL\INT\TENTACLE.OBJ
C:\USERS\Константин\DESKTOP\UP\ULTIMATE POINT ENGINE BUILDS\ULTIMATE POINT ENGINE V0.7\PROJECTS\VS2010\DEBUG\HLDLL\INT\TRIGGERS.OBJ
C:\USERS\Константин\DESKTOP\UP\ULTIMATE POINT ENGINE BUILDS\ULTIMATE POINT ENGINE V0.7\PROJECTS\VS2010\DEBUG\HLDLL\INT\TRIPMINE.OBJ
C:\USERS\Константин\DESKTOP\UP\ULTIMATE POINT ENGINE BUILDS\ULTIMATE POINT ENGINE V0.7\PROJECTS\VS2010\DEBUG\HLDLL\INT\TURRET.OBJ
C:\USERS\Константин\DESKTOP\UP\ULTIMATE POINT ENGINE BUILDS\ULTIMATE POINT ENGINE V0.7\PROJECTS\VS2010\DEBUG\HLDLL\INT\UTIL.OBJ
C:\USERS\КОНСТАНТИН\DESKTOP\UP\ULTIMATE POINT ENGINE BUILDS\ULTIMATE POINT ENGINE V0.7\PROJECTS\VS2010\DEBUG\HLDLL\INT\VC100.PDB
C:\USERS\Константин\DESKTOP\UP\ULTIMATE POINT ENGINE BUILDS\ULTIMATE POINT ENGINE V0.7\PROJECTS\VS2010\DEBUG\HLDLL\INT\VOICE_GAMEMGR.OBJ
C:\USERS\Константин\DESKTOP\UP\ULTIMATE POINT ENGINE BUILDS\ULTIMATE POINT ENGINE V0.7\PROJECTS\VS2010\DEBUG\HLDLL\INT\WEAPONS.OBJ
C:\USERS\Константин\DESKTOP\UP\ULTIMATE POINT ENGINE BUILDS\ULTIMATE POINT ENGINE V0.7\PROJECTS\VS2010\DEBUG\HLDLL\INT\WORLD.OBJ
C:\USERS\Константин\DESKTOP\UP\ULTIMATE POINT ENGINE BUILDS\ULTIMATE POINT ENGINE V0.7\PROJECTS\VS2010\DEBUG\HLDLL\INT\XEN.OBJ
C:\USERS\Константин\DESKTOP\UP\ULTIMATE POINT ENGINE BUILDS\ULTIMATE POINT ENGINE V0.7\PROJECTS\VS2010\DEBUG\HLDLL\INT\ZOMBIE.OBJ
C:\USERS\Константин\DESKTOP\UP\ULTIMATE POINT ENGINE\ULTIMATE POINT ENGINE V0.7\PROJECTS\VS2010\DEBUG\HLDLL\INT\AFLOCK.OBJ
C:\USERS\Константин\DESKTOP\UP\ULTIMATE POINT ENGINE\ULTIMATE POINT ENGINE V0.7\PROJECTS\VS2010\DEBUG\HLDLL\INT\AGRUNT.OBJ
C:\USERS\Константин\DESKTOP\UP\ULTIMATE POINT ENGINE\ULTIMATE POINT ENGINE V0.7\PROJECTS\VS2010\DEBUG\HLDLL\INT\AIRTANK.OBJ
C:\USERS\Константин\DESKTOP\UP\ULTIMATE POINT ENGINE\ULTIMATE POINT ENGINE V0.7\PROJECTS\VS2010\DEBUG\HLDLL\INT\ANIMATING.OBJ
C:\USERS\Константин\DESKTOP\UP\ULTIMATE POINT ENGINE\ULTIMATE POINT ENGINE V0.7\PROJECTS\VS2010\DEBUG\HLDLL\INT\ANIMATION.OBJ
C:\USERS\Константин\DESKTOP\UP\ULTIMATE POINT ENGINE\ULTIMATE POINT ENGINE V0.7\PROJECTS\VS2010\DEBUG\HLDLL\INT\APACHE.OBJ
C:\USERS\Константин\DESKTOP\UP\ULTIMATE POINT ENGINE\ULTIMATE POINT ENGINE V0.7\PROJECTS\VS2010\DEBUG\HLDLL\INT\BARNACLE.OBJ
C:\USERS\Константин\DESKTOP\UP\ULTIMATE POINT ENGINE\ULTIMATE POINT ENGINE V0.7\PROJECTS\VS2010\DEBUG\HLDLL\INT\BARNEY.OBJ
C:\USERS\Константин\DESKTOP\UP\ULTIMATE POINT ENGINE\ULTIMATE POINT ENGINE V0.7\PROJECTS\VS2010\DEBUG\HLDLL\INT\BIGMOMMA.OBJ
C:\USERS\Константин\DESKTOP\UP\ULTIMATE POINT ENGINE\ULTIMATE POINT ENGINE V0.7\PROJECTS\VS2010\DEBUG\HLDLL\INT\BLOATER.OBJ
C:\USERS\Константин\DESKTOP\UP\ULTIMATE POINT ENGINE\ULTIMATE POINT ENGINE V0.7\PROJECTS\VS2010\DEBUG\HLDLL\INT\BMODELS.OBJ
C:\USERS\Константин\DESKTOP\UP\ULTIMATE POINT ENGINE\ULTIMATE POINT ENGINE V0.7\PROJECTS\VS2010\DEBUG\HLDLL\INT\BULLSQUID.OBJ
C:\USERS\Константин\DESKTOP\UP\ULTIMATE POINT ENGINE\ULTIMATE POINT ENGINE V0.7\PROJECTS\VS2010\DEBUG\HLDLL\INT\BUTTONS.OBJ
C:\USERS\Константин\DESKTOP\UP\ULTIMATE POINT ENGINE\ULTIMATE POINT ENGINE V0.7\PROJECTS\VS2010\DEBUG\HLDLL\INT\CBASE.OBJ
C:\Users\Константин\Desktop\UP\ULTIMATE POINT ENGINE\ULTIMATE POINT ENGINE V0.7\projects\vs2010\Debug\hldll\int\cl.command.1.tlog
C:\Users\Константин\Desktop\UP\ULTIMATE POINT ENGINE\ULTIMATE POINT ENGINE V0.7\projects\vs2010\Debug\hldll\int\CL.read.1.tlog
C:\Users\Константин\Desktop\UP\ULTIMATE POINT ENGINE\ULTIMATE POINT ENGINE V0.7\projects\vs2010\Debug\hldll\int\CL.write.1.tlog
C:\USERS\Константин\DESKTOP\UP\ULTIMATE POINT ENGINE\ULTIMATE POINT ENGINE V0.7\PROJECTS\VS2010\DEBUG\HLDLL\INT\CLIENT.OBJ
C:\USERS\Константин\DESKTOP\UP\ULTIMATE POINT ENGINE\ULTIMATE POINT ENGINE V0.7\PROJECTS\VS2010\DEBUG\HLDLL\INT\COMBAT.OBJ
C:\USERS\Константин\DESKTOP\UP\ULTIMATE POINT ENGINE\ULTIMATE POINT ENGINE V0.7\PROJECTS\VS2010\DEBUG\HLDLL\INT\CONTROLLER.OBJ
C:\USERS\Константин\DESKTOP\UP\ULTIMATE POINT ENGINE\ULTIMATE POINT ENGINE V0.7\PROJECTS\VS2010\DEBUG\HLDLL\INT\CROSSBOW.OBJ
C:\USERS\Константин\DESKTOP\UP\ULTIMATE POINT ENGINE\ULTIMATE POINT ENGINE V0.7\PROJECTS\VS2010\DEBUG\HLDLL\INT\CROWBAR.OBJ
C:\USERS\Константин\DESKTOP\UP\ULTIMATE POINT ENGINE\ULTIMATE POINT ENGINE V0.7\PROJECTS\VS2010\DEBUG\HLDLL\INT\CUSTOMIZE.OBJ
C:\USERS\Константин\DESKTOP\UP\ULTIMATE POINT ENGINE\ULTIMATE POINT ENGINE V0.7\PROJECTS\VS2010\DEBUG\HLDLL\INT\DEAGLE.OBJ
C:\USERS\Константин\DESKTOP\UP\ULTIMATE POINT ENGINE\ULTIMATE POINT ENGINE V0.7\PROJECTS\VS2010\DEBUG\HLDLL\INT\DEFAULTAI.OBJ
C:\USERS\Константин\DESKTOP\UP\ULTIMATE POINT ENGINE\ULTIMATE POINT ENGINE V0.7\PROJECTS\VS2010\DEBUG\HLDLL\INT\DIABLO.OBJ
C:\USERS\Константин\DESKTOP\UP\ULTIMATE POINT ENGINE\ULTIMATE POINT ENGINE V0.7\PROJECTS\VS2010\DEBUG\HLDLL\INT\DOORS.OBJ
C:\Users\Константин\Desktop\UP\ULTIMATE POINT ENGINE\ULTIMATE POINT ENGINE V0.7\projects\vs2010\Debug\hldll\int\ee.dll.embed.manifest
C:\USERS\Константин\DESKTOP\UP\ULTIMATE POINT ENGINE\ULTIMATE POINT ENGINE V0.7\PROJECTS\VS2010\DEBUG\HLDLL\INT\EE.DLL.EMBED.MANIFEST.RES
C:\USERS\Константин\DESKTOP\UP\ULTIMATE POINT ENGINE\ULTIMATE POINT ENGINE V0.7\PROJECTS\VS2010\DEBUG\HLDLL\INT\EE.DLL.INTERMEDIATE.MANIFEST
C:\Users\Константин\Desktop\UP\ULTIMATE POINT ENGINE\ULTIMATE POINT ENGINE V0.7\projects\vs2010\Debug\hldll\int\ee_manifest.rc
C:\USERS\Константин\DESKTOP\UP\ULTIMATE POINT ENGINE\ULTIMATE POINT ENGINE V0.7\PROJECTS\VS2010\DEBUG\HLDLL\INT\EFFECTS.OBJ
C:\USERS\Константин\DESKTOP\UP\ULTIMATE POINT ENGINE\ULTIMATE POINT ENGINE V0.7\PROJECTS\VS2010\DEBUG\HLDLL\INT\EGON.OBJ
C:\USERS\Константин\DESKTOP\UP\ULTIMATE POINT ENGINE\ULTIMATE POINT ENGINE V0.7\PROJECTS\VS2010\DEBUG\HLDLL\INT\EXPLODE.OBJ
C:\USERS\Константин\DESKTOP\UP\ULTIMATE POINT ENGINE\ULTIMATE POINT ENGINE V0.7\PROJECTS\VS2010\DEBUG\HLDLL\INT\FLYINGMONSTER.OBJ
C:\USERS\Константин\DESKTOP\UP\ULTIMATE POINT ENGINE\ULTIMATE POINT ENGINE V0.7\PROJECTS\VS2010\DEBUG\HLDLL\INT\FUNC_BREAK.OBJ
C:\USERS\Константин\DESKTOP\UP\ULTIMATE POINT ENGINE\ULTIMATE POINT ENGINE V0.7\PROJECTS\VS2010\DEBUG\HLDLL\INT\FUNC_TANK.OBJ
C:\USERS\Константин\DESKTOP\UP\ULTIMATE POINT ENGINE\ULTIMATE POINT ENGINE V0.7\PROJECTS\VS2010\DEBUG\HLDLL\INT\GAME.OBJ
C:\USERS\Константин\DESKTOP\UP\ULTIMATE POINT ENGINE\ULTIMATE POINT ENGINE V0.7\PROJECTS\VS2010\DEBUG\HLDLL\INT\GAMERULES.OBJ
C:\USERS\Константин\DESKTOP\UP\ULTIMATE POINT ENGINE\ULTIMATE POINT ENGINE V0.7\PROJECTS\VS2010\DEBUG\HLDLL\INT\GARGANTUA.OBJ
C:\USERS\Константин\DESKTOP\UP\ULTIMATE POINT ENGINE\ULTIMATE POINT ENGINE V0.7\PROJECTS\VS2010\DEBUG\HLDLL\INT\GAUSS.OBJ
C:\USERS\Константин\DESKTOP\UP\ULTIMATE POINT ENGINE\ULTIMATE POINT ENGINE V0.7\PROJECTS\VS2010\DEBUG\HLDLL\INT\GENERICITEM.OBJ
C:\USERS\Константин\DESKTOP\UP\ULTIMATE POINT ENGINE\ULTIMATE POINT ENGINE V0.7\PROJECTS\VS2010\DEBUG\HLDLL\INT\GENERICMONSTER.OBJ
C:\USERS\Константин\DESKTOP\UP\ULTIMATE POINT ENGINE\ULTIMATE POINT ENGINE V0.7\PROJECTS\VS2010\DEBUG\HLDLL\INT\GGRENADE.OBJ
C:\USERS\Константин\DESKTOP\UP\ULTIMATE POINT ENGINE\ULTIMATE POINT ENGINE V0.7\PROJECTS\VS2010\DEBUG\HLDLL\INT\GLOBALS.OBJ
C:\USERS\Константин\DESKTOP\UP\ULTIMATE POINT ENGINE\ULTIMATE POINT ENGINE V0.7\PROJECTS\VS2010\DEBUG\HLDLL\INT\GLOCK.OBJ
C:\USERS\Константин\DESKTOP\UP\ULTIMATE POINT ENGINE\ULTIMATE POINT ENGINE V0.7\PROJECTS\VS2010\DEBUG\HLDLL\INT\GMAN.OBJ
C:\USERS\Константин\DESKTOP\UP\ULTIMATE POINT ENGINE\ULTIMATE POINT ENGINE V0.7\PROJECTS\VS2010\DEBUG\HLDLL\INT\H_AI.OBJ
C:\USERS\Константин\DESKTOP\UP\ULTIMATE POINT ENGINE\ULTIMATE POINT ENGINE V0.7\PROJECTS\VS2010\DEBUG\HLDLL\INT\H_BATTERY.OBJ
C:\USERS\Константин\DESKTOP\UP\ULTIMATE POINT ENGINE\ULTIMATE POINT ENGINE V0.7\PROJECTS\VS2010\DEBUG\HLDLL\INT\H_CINE.OBJ
C:\USERS\Константин\DESKTOP\UP\ULTIMATE POINT ENGINE\ULTIMATE POINT ENGINE V0.7\PROJECTS\VS2010\DEBUG\HLDLL\INT\H_CYCLER.OBJ
C:\USERS\Константин\DESKTOP\UP\ULTIMATE POINT ENGINE\ULTIMATE POINT ENGINE V0.7\PROJECTS\VS2010\DEBUG\HLDLL\INT\H_EXPORT.OBJ
C:\USERS\Константин\DESKTOP\UP\ULTIMATE POINT ENGINE\ULTIMATE POINT ENGINE V0.7\PROJECTS\VS2010\DEBUG\HLDLL\INT\HANDGRENADE.OBJ
C:\USERS\Константин\DESKTOP\UP\ULTIMATE POINT ENGINE\ULTIMATE POINT ENGINE V0.7\PROJECTS\VS2010\DEBUG\HLDLL\INT\HASSASSIN.OBJ
C:\USERS\Константин\DESKTOP\UP\ULTIMATE POINT ENGINE\ULTIMATE POINT ENGINE V0.7\PROJECTS\VS2010\DEBUG\HLDLL\INT\HEADCRAB.OBJ
C:\USERS\Константин\DESKTOP\UP\ULTIMATE POINT ENGINE\ULTIMATE POINT ENGINE V0.7\PROJECTS\VS2010\DEBUG\HLDLL\INT\HEALTHKIT.OBJ
C:\USERS\Константин\DESKTOP\UP\ULTIMATE POINT ENGINE\ULTIMATE POINT ENGINE V0.7\PROJECTS\VS2010\DEBUG\HLDLL\INT\HGRUNT.OBJ
C:\Users\Константин\Desktop\UP\ULTIMATE POINT ENGINE\ULTIMATE POINT ENGINE V0.7\projects\vs2010\Debug\hldll\int\hl_wpn_glock.obj
C:\Users\Константин\Desktop\UP\ULTIMATE POINT ENGINE\ULTIMATE POINT ENGINE V0.7\projects\vs2010\Debug\hldll\int\hldll.vcxprojResolveAssemblyReference.cache
C:\Users\Константин\Desktop\UP\ULTIMATE POINT ENGINE\ULTIMATE POINT ENGINE V0.7\projects\vs2010\Debug\hldll\int\hldll.write.1.tlog
C:\USERS\Константин\DESKTOP\UP\ULTIMATE POINT ENGINE\ULTIMATE POINT ENGINE V0.7\PROJECTS\VS2010\DEBUG\HLDLL\INT\HORNET.OBJ
C:\USERS\Константин\DESKTOP\UP\ULTIMATE POINT ENGINE\ULTIMATE POINT ENGINE V0.7\PROJECTS\VS2010\DEBUG\HLDLL\INT\HORNETGUN.OBJ
C:\USERS\Константин\DESKTOP\UP\ULTIMATE POINT ENGINE\ULTIMATE POINT ENGINE V0.7\PROJECTS\VS2010\DEBUG\HLDLL\INT\HOUNDEYE.OBJ
C:\USERS\Константин\DESKTOP\UP\ULTIMATE POINT ENGINE\ULTIMATE POINT ENGINE V0.7\PROJECTS\VS2010\DEBUG\HLDLL\INT\ICHTHYOSAUR.OBJ
C:\USERS\Константин\DESKTOP\UP\ULTIMATE POINT ENGINE\ULTIMATE POINT ENGINE V0.7\PROJECTS\VS2010\DEBUG\HLDLL\INT\ISLAVE.OBJ
C:\USERS\Константин\DESKTOP\UP\ULTIMATE POINT ENGINE\ULTIMATE POINT ENGINE V0.7\PROJECTS\VS2010\DEBUG\HLDLL\INT\ISOTOPEBOX.OBJ
C:\USERS\Константин\DESKTOP\UP\ULTIMATE POINT ENGINE\ULTIMATE POINT ENGINE V0.7\PROJECTS\VS2010\DEBUG\HLDLL\INT\ITEMS.OBJ
C:\USERS\Константин\DESKTOP\UP\ULTIMATE POINT ENGINE\ULTIMATE POINT ENGINE V0.7\PROJECTS\VS2010\DEBUG\HLDLL\INT\LEECH.OBJ
C:\USERS\Константин\DESKTOP\UP\ULTIMATE POINT ENGINE\ULTIMATE POINT ENGINE V0.7\PROJECTS\VS2010\DEBUG\HLDLL\INT\LIGHTS.OBJ
C:\Users\Константин\Desktop\UP\ULTIMATE POINT ENGINE\ULTIMATE POINT ENGINE V0.7\projects\vs2010\Debug\hldll\int\link.10196.read.1.tlog
C:\Users\Константин\Desktop\UP\ULTIMATE POINT ENGINE\ULTIMATE POINT ENGINE V0.7\projects\vs2010\Debug\hldll\int\link.10196.write.1.tlog
C:\Users\Константин\Desktop\UP\ULTIMATE POINT ENGINE\ULTIMATE POINT ENGINE V0.7\projects\vs2010\Debug\hldll\int\link.10196-cvtres.read.1.tlog
C:\Users\Константин\Desktop\UP\ULTIMATE POINT ENGINE\ULTIMATE POINT ENGINE V0.7\projects\vs2010\Debug\hldll\int\link.10196-cvtres.write.1.tlog
C:\Users\Константин\Desktop\UP\ULTIMATE POINT ENGINE\ULTIMATE POINT ENGINE V0.7\projects\vs2010\Debug\hldll\int\link.1144.read.1.tlog
C:\Users\Константин\Desktop\UP\ULTIMATE POINT ENGINE\ULTIMATE POINT ENGINE V0.7\projects\vs2010\Debug\hldll\int\link.1144.write.1.tlog
C:\Users\Константин\Desktop\UP\ULTIMATE POINT ENGINE\ULTIMATE POINT ENGINE V0.7\projects\vs2010\Debug\hldll\int\link.1144-cvtres.read.1.tlog
C:\Users\Константин\Desktop\UP\ULTIMATE POINT ENGINE\ULTIMATE POINT ENGINE V0.7\projects\vs2010\Debug\hldll\int\link.1144-cvtres.write.1.tlog
C:\Users\Константин\Desktop\UP\ULTIMATE POINT ENGINE\ULTIMATE POINT ENGINE V0.7\projects\vs2010\Debug\hldll\int\link.11584.read.1.tlog
C:\Users\Константин\Desktop\UP\ULTIMATE POINT ENGINE\ULTIMATE POINT ENGINE V0.7\projects\vs2010\Debug\hldll\int\link.11584.write.1.tlog
C:\Users\Константин\Desktop\UP\ULTIMATE POINT ENGINE\ULTIMATE POINT ENGINE V0.7\projects\vs2010\Debug\hldll\int\link.11584-cvtres.read.1.tlog
C:\Users\Константин\Desktop\UP\ULTIMATE POINT ENGINE\ULTIMATE POINT ENGINE V0.7\projects\vs2010\Debug\hldll\int\link.11584-cvtres.write.1.tlog
C:\Users\Константин\Desktop\UP\ULTIMATE POINT ENGINE\ULTIMATE POINT ENGINE V0.7\projects\vs2010\Debug\hldll\int\link.11960.read.1.tlog
C:\Users\Константин\Desktop\UP\ULTIMATE POINT ENGINE\ULTIMATE POINT ENGINE V0.7\projects\vs2010\Debug\hldll\int\link.11960.write.1.tlog
C:\Users\Константин\Desktop\UP\ULTIMATE POINT ENGINE\ULTIMATE POINT ENGINE V0.7\projects\vs2010\Debug\hldll\int\link.11960-cvtres.read.1.tlog
C:\Users\Константин\Desktop\UP\ULTIMATE POINT ENGINE\ULTIMATE POINT ENGINE V0.7\projects\vs2010\Debug\hldll\int\link.11960-cvtres.write.1.tlog
C:\Users\Константин\Desktop\UP\ULTIMATE POINT ENGINE\ULTIMATE POINT ENGINE V0.7\projects\vs2010\Debug\hldll\int\link.12384.read.1.tlog
C:\Users\Константин\Desktop\UP\ULTIMATE POINT ENGINE\ULTIMATE POINT ENGINE V0.7\projects\vs2010\Debug\hldll\int\link.12384.write.1.tlog
C:\Users\Константин\Desktop\UP\ULTIMATE POINT ENGINE\ULTIMATE POINT ENGINE V0.7\projects\vs2010\Debug\hldll\int\link.12384-cvtres.read.1.tlog
C:\Users\Константин\Desktop\UP\ULTIMATE POINT ENGINE\ULTIMATE POINT ENGINE V0.7\projects\vs2010\Debug\hldll\int\link.12384-cvtres.write.1.tlog
C:\Users\Константин\Desktop\UP\ULTIMATE POINT ENGINE\ULTIMATE POINT ENGINE V0.7\projects\vs2010\Debug\hldll\int\link.12932.read.1.tlog
C:\Users\Константин\Desktop\UP\ULTIMATE POINT ENGINE\ULTIMATE POINT ENGINE V0.7\projects\vs2010\Debug\hldll\int\link.12932.write.1.tlog
C:\Users\Константин\Desktop\UP\ULTIMATE POINT ENGINE\ULTIMATE POINT ENGINE V0.7\projects\vs2010\Debug\hldll\int\link.12932-cvtres.read.1.tlog
C:\Users\Константин\Desktop\UP\ULTIMATE POINT ENGINE\ULTIMATE POINT ENGINE V0.7\projects\vs2010\Debug\hldll\int\link.12932-cvtres.write.1.tlog
C:\Users\Константин\Desktop\UP\ULTIMATE POINT ENGINE\ULTIMATE POINT ENGINE V0.7\projects\vs2010\Debug\hldll\int\link.14380.read.1.tlog
C:\Users\Константин\Desktop\UP\ULTIMATE POINT ENGINE\ULTIMATE POINT ENGINE V0.7\projects\vs2010\Debug\hldll\int\link.14380.write.1.tlog
C:\Users\Константин\Desktop\UP\ULTIMATE POINT ENGINE\ULTIMATE POINT ENGINE V0.7\projects\vs2010\Debug\hldll\int\link.14380-cvtres.read.1.tlog
C:\Users\Константин\Desktop\UP\ULTIMATE POINT ENGINE\ULTIMATE POINT ENGINE V0.7\projects\vs2010\Debug\hldll\int\link.14380-cvtres.write.1.tlog
C:\Users\Константин\Desktop\UP\ULTIMATE POINT ENGINE\ULTIMATE POINT ENGINE V0.7\projects\vs2010\Debug\hldll\int\link.15040.read.1.tlog
C:\Users\Константин\Desktop\UP\ULTIMATE POINT ENGINE\ULTIMATE POINT ENGINE V0.7\projects\vs2010\Debug\hldll\int\link.15040.write.1.tlog
C:\Users\Константин\Desktop\UP\ULTIMATE POINT ENGINE\ULTIMATE POINT ENGINE V0.7\projects\vs2010\Debug\hldll\int\link.15040-cvtres.read.1.tlog
C:\Users\Константин\Desktop\UP\ULTIMATE POINT ENGINE\ULTIMATE POINT ENGINE V0.7\projects\vs2010\Debug\hldll\int\link.15040-cvtres.write.1.tlog
C:\Users\Константин\Desktop\UP\ULTIMATE POINT ENGINE\ULTIMATE POINT ENGINE V0.7\projects\vs2010\Debug\hldll\int\link.15348.read.1.tlog
C:\Users\Константин\Desktop\UP\ULTIMATE POINT ENGINE\ULTIMATE POINT ENGINE V0.7\projects\vs2010\Debug\hldll\int\link.15348.write.1.tlog
C:\Users\Константин\Desktop\UP\ULTIMATE POINT ENGINE\ULTIMATE POINT ENGINE V0.7\projects\vs2010\Debug\hldll\int\link.15348-cvtres.read.1.tlog
C:\Users\Константин\Desktop\UP\ULTIMATE POINT ENGINE\ULTIMATE POINT ENGINE V0.7\projects\vs2010\Debug\hldll\int\link.15348-cvtres.write.1.tlog
C:\Users\Константин\Desktop\UP\ULTIMATE POINT ENGINE\ULTIMATE POINT ENGINE V0.7\projects\vs2010\Debug\hldll\int\link.15852.read.1.tlog
C:\Users\Константин\Desktop\UP\ULTIMATE POINT ENGINE\ULTIMATE POINT ENGINE V0.7\projects\vs2010\Debug\hldll\int\link.15852.write.1.tlog
C:\Users\Константин\Desktop\UP\ULTIMATE POINT ENGINE\ULTIMATE POINT ENGINE V0.7\projects\vs2010\Debug\hldll\int\link.15852-cvtres.read.1.tlog
C:\Users\Константин\Desktop\UP\ULTIMATE POINT ENGINE\ULTIMATE POINT ENGINE V0.7\projects\vs2010\Debug\hldll\int\link.15852-cvtres.write.1.tlog
C:\Users\Константин\Desktop\UP\ULTIMATE POINT ENGINE\ULTIMATE POINT ENGINE V0.7\projects\vs2010\Debug\hldll\int\link.16636.read.1.tlog
C:\Users\Константин\Desktop\UP\ULTIMATE POINT ENGINE\ULTIMATE POINT ENGINE V0.7\projects\vs2010\Debug\hldll\int\link.16636.write.1.tlog
C:\Users\Константин\Desktop\UP\ULTIMATE POINT ENGINE\ULTIMATE POINT ENGINE V0.7\projects\vs2010\Debug\hldll\int\link.16636-cvtres.read.1.tlog
C:\Users\Константин\Desktop\UP\ULTIMATE POINT ENGINE\ULTIMATE POINT ENGINE V0.7\projects\vs2010\Debug\hldll\int\link.16636-cvtres.write.1.tlog
C:\Users\Константин\Desktop\UP\ULTIMATE POINT ENGINE\ULTIMATE POINT ENGINE V0.7\projects\vs2010\Debug\hldll\int\link.5176.read.1.tlog
C:\Users\Константин\Desktop\UP\ULTIMATE POINT ENGINE\ULTIMATE POINT ENGINE V0.7\projects\vs2010\Debug\hldll\int\link.5176.write.1.tlog
C:\Users\Константин\Desktop\UP\ULTIMATE POINT ENGINE\ULTIMATE POINT ENGINE V0.7\projects\vs2010\Debug\hldll\int\link.5176-cvtres.read.1.tlog
C:\Users\Константин\Desktop\UP\ULTIMATE POINT ENGINE\ULTIMATE POINT ENGINE V0.7\projects\vs2010\Debug\hldll\int\link.5176-cvtres.write.1.tlog
C:\Users\Константин\Desktop\UP\ULTIMATE POINT ENGINE\ULTIMATE POINT ENGINE V0.7\projects\vs2010\Debug\hldll\int\link.5932.read.1.tlog
C:\Users\Константин\Desktop\UP\ULTIMATE POINT ENGINE\ULTIMATE POINT ENGINE V0.7\projects\vs2010\Debug\hldll\int\link.5932.write.1.tlog
C:\Users\Константин\Desktop\UP\ULTIMATE POINT ENGINE\ULTIMATE POINT ENGINE V0.7\projects\vs2010\Debug\hldll\int\link.5932-cvtres.read.1.tlog
C:\Users\Константин\Desktop\UP\ULTIMATE POINT ENGINE\ULTIMATE POINT ENGINE V0.7\projects\vs2010\Debug\hldll\int\link.5932-cvtres.write.1.tlog
C:\Users\Константин\Desktop\UP\ULTIMATE POINT ENGINE\ULTIMATE POINT ENGINE V0.7\projects\vs2010\Debug\hldll\int\link.7528.read.1.tlog
C:\Users\Константин\Desktop\UP\ULTIMATE POINT ENGINE\ULTIMATE POINT ENGINE V0.7\projects\vs2010\Debug\hldll\int\link.7528.write.1.tlog
C:\Users\Константин\Desktop\UP\ULTIMATE POINT ENGINE\ULTIMATE POINT ENGINE V0.7\projects\vs2010\Debug\hldll\int\link.7528-cvtres.read.1.tlog
C:\Users\Константин\Desktop\UP\ULTIMATE POINT ENGINE\ULTIMATE POINT ENGINE V0.7\projects\vs2010\Debug\hldll\int\link.7528-cvtres.write.1.tlog
C:\Users\Константин\Desktop\UP\ULTIMATE POINT ENGINE\ULTIMATE POINT ENGINE V0.7\projects\vs2010\Debug\hldll\int\link.7616.read.1.tlog
C:\Users\Константин\Desktop\UP\ULTIMATE POINT ENGINE\ULTIMATE POINT ENGINE V0.7\projects\vs2010\Debug\hldll\int\link.7616.write.1.tlog
C:\Users\Константин\Desktop\UP\ULTIMATE POINT ENGINE\ULTIMATE POINT ENGINE V0.7\projects\vs2010\Debug\hldll\int\link.7616-cvtres.read.1.tlog
C:\Users\Константин\Desktop\UP\ULTIMATE POINT ENGINE\ULTIMATE POINT ENGINE V0.7\projects\vs2010\Debug\hldll\int\link.7616-cvtres.write.1.tlog
C:\Users\Константин\Desktop\UP\ULTIMATE POINT ENGINE\ULTIMATE POINT ENGINE V0.7\projects\vs2010\Debug\hldll\int\link.7708.read.1.tlog
C:\Users\Константин\Desktop\UP\ULTIMATE POINT ENGINE\ULTIMATE POINT ENGINE V0.7\projects\vs2010\Debug\hldll\int\link.7708.write.1.tlog
C:\Users\Константин\Desktop\UP\ULTIMATE POINT ENGINE\ULTIMATE POINT ENGINE V0.7\projects\vs2010\Debug\hldll\int\link.7708-cvtres.read.1.tlog
C:\Users\Константин\Desktop\UP\ULTIMATE POINT ENGINE\ULTIMATE POINT ENGINE V0.7\projects\vs2010\Debug\hldll\int\link.7708-cvtres.write.1.tlog
C:\Users\Константин\Desktop\UP\ULTIMATE POINT ENGINE\ULTIMATE POINT ENGINE V0.7\projects\vs2010\Debug\hldll\int\link.8760.read.1.tlog
C:\Users\Константин\Desktop\UP\ULTIMATE POINT ENGINE\ULTIMATE POINT ENGINE V0.7\projects\vs2010\Debug\hldll\int\link.8760.write.1.tlog
C:\Users\Константин\Desktop\UP\ULTIMATE POINT ENGINE\ULTIMATE POINT ENGINE V0.7\projects\vs2010\Debug\hldll\int\link.8760-cvtres.read.1.tlog
C:\Users\Константин\Desktop\UP\ULTIMATE POINT ENGINE\ULTIMATE POINT ENGINE V0.7\projects\vs2010\Debug\hldll\int\link.8760-cvtres.write.1.tlog
C:\Users\Константин\Desktop\UP\ULTIMATE POINT ENGINE\ULTIMATE POINT ENGINE V0.7\projects\vs2010\Debug\hldll\int\link.command.1.tlog
C:\Users\Константин\Desktop\UP\ULTIMATE POINT ENGINE\ULTIMATE POINT ENGINE V0.7\projects\vs2010\Debug\hldll\int\link.read.1.tlog
C:\Users\Константин\Desktop\UP\ULTIMATE POINT ENGINE\ULTIMATE POINT ENGINE V0.7\projects\vs2010\Debug\hldll\int\link.write.1.tlog
C:\Users\Константин\Desktop\UP\ULTIMATE POINT ENGINE\ULTIMATE POINT ENGINE V0.7\projects\vs2010\Debug\hldll\int\link-cvtres.read.1.tlog
C:\Users\Константин\Desktop\UP\ULTIMATE POINT ENGINE\ULTIMATE POINT ENGINE V0.7\projects\vs2010\Debug\hldll\int\link-cvtres.write.1.tlog
C:\USERS\Константин\DESKTOP\UP\ULTIMATE POINT ENGINE\ULTIMATE POINT ENGINE V0.7\PROJECTS\VS2010\DEBUG\HLDLL\INT\MAPRULES.OBJ
C:\USERS\Константин\DESKTOP\UP\ULTIMATE POINT ENGINE\ULTIMATE POINT ENGINE V0.7\PROJECTS\VS2010\DEBUG\HLDLL\INT\MIRROR.OBJ
C:\USERS\Константин\DESKTOP\UP\ULTIMATE POINT ENGINE\ULTIMATE POINT ENGINE V0.7\PROJECTS\VS2010\DEBUG\HLDLL\INT\MODEL.OBJ
C:\USERS\Константин\DESKTOP\UP\ULTIMATE POINT ENGINE\ULTIMATE POINT ENGINE V0.7\PROJECTS\VS2010\DEBUG\HLDLL\INT\MONSTERMAKER.OBJ
C:\USERS\Константин\DESKTOP\UP\ULTIMATE POINT ENGINE\ULTIMATE POINT ENGINE V0.7\PROJECTS\VS2010\DEBUG\HLDLL\INT\MONSTERS.OBJ
C:\USERS\Константин\DESKTOP\UP\ULTIMATE POINT ENGINE\ULTIMATE POINT ENGINE V0.7\PROJECTS\VS2010\DEBUG\HLDLL\INT\MONSTERSTATE.OBJ
C:\USERS\Константин\DESKTOP\UP\ULTIMATE POINT ENGINE\ULTIMATE POINT ENGINE V0.7\PROJECTS\VS2010\DEBUG\HLDLL\INT\MORTAR.OBJ
C:\USERS\Константин\DESKTOP\UP\ULTIMATE POINT ENGINE\ULTIMATE POINT ENGINE V0.7\PROJECTS\VS2010\DEBUG\HLDLL\INT\MP5.OBJ
C:\USERS\Константин\DESKTOP\UP\ULTIMATE POINT ENGINE\ULTIMATE POINT ENGINE V0.7\PROJECTS\VS2010\DEBUG\HLDLL\INT\MRFRIENDLY.OBJ
C:\Users\Константин\Desktop\UP\ULTIMATE POINT ENGINE\ULTIMATE POINT ENGINE V0.7\projects\vs2010\Debug\hldll\int\mt.command.1.tlog
C:\Users\Константин\Desktop\UP\ULTIMATE POINT ENGINE\ULTIMATE POINT ENGINE V0.7\projects\vs2010\Debug\hldll\int\mt.read.1.tlog
C:\Users\Константин\Desktop\UP\ULTIMATE POINT ENGINE\ULTIMATE POINT ENGINE V0.7\projects\vs2010\Debug\hldll\int\mt.write.1.tlog
C:\USERS\Константин\DESKTOP\UP\ULTIMATE POINT ENGINE\ULTIMATE POINT ENGINE V0.7\PROJECTS\VS2010\DEBUG\HLDLL\INT\MULTIPLAY_GAMERULES.OBJ
C:\USERS\Константин\DESKTOP\UP\ULTIMATE POINT ENGINE\ULTIMATE POINT ENGINE V0.7\PROJECTS\VS2010\DEBUG\HLDLL\INT\NIHILANTH.OBJ
C:\USERS\Константин\DESKTOP\UP\ULTIMATE POINT ENGINE\ULTIMATE POINT ENGINE V0.7\PROJECTS\VS2010\DEBUG\HLDLL\INT\NODES.OBJ
C:\USERS\Константин\DESKTOP\UP\ULTIMATE POINT ENGINE\ULTIMATE POINT ENGINE V0.7\PROJECTS\VS2010\DEBUG\HLDLL\INT\OBSERVER.OBJ
C:\USERS\Константин\DESKTOP\UP\ULTIMATE POINT ENGINE\ULTIMATE POINT ENGINE V0.7\PROJECTS\VS2010\DEBUG\HLDLL\INT\OSPREY.OBJ
C:\USERS\Константин\DESKTOP\UP\ULTIMATE POINT ENGINE\ULTIMATE POINT ENGINE V0.7\PROJECTS\VS2010\DEBUG\HLDLL\INT\PATHCORNER.OBJ
C:\USERS\Константин\DESKTOP\UP\ULTIMATE POINT ENGINE\ULTIMATE POINT ENGINE V0.7\PROJECTS\VS2010\DEBUG\HLDLL\INT\PLANE.OBJ
C:\USERS\Константин\DESKTOP\UP\ULTIMATE POINT ENGINE\ULTIMATE POINT ENGINE V0.7\PROJECTS\VS2010\DEBUG\HLDLL\INT\PLATS.OBJ
C:\USERS\Константин\DESKTOP\UP\ULTIMATE POINT ENGINE\ULTIMATE POINT ENGINE V0.7\PROJECTS\VS2010\DEBUG\HLDLL\INT\PLAYER.OBJ
C:\USERS\Константин\DESKTOP\UP\ULTIMATE POINT ENGINE\ULTIMATE POINT ENGINE V0.7\PROJECTS\VS2010\DEBUG\HLDLL\INT\PLAYERMONSTER.OBJ
C:\USERS\Константин\DESKTOP\UP\ULTIMATE POINT ENGINE\ULTIMATE POINT ENGINE V0.7\PROJECTS\VS2010\DEBUG\HLDLL\INT\PM_DEBUG.OBJ
C:\USERS\Константин\DESKTOP\UP\ULTIMATE POINT ENGINE\ULTIMATE POINT ENGINE V0.7\PROJECTS\VS2010\DEBUG\HLDLL\INT\PM_MATH.OBJ
C:\USERS\Константин\DESKTOP\UP\ULTIMATE POINT ENGINE\ULTIMATE POINT ENGINE V0.7\PROJECTS\VS2010\DEBUG\HLDLL\INT\PM_SHARED.OBJ
C:\USERS\Константин\DESKTOP\UP\ULTIMATE POINT ENGINE\ULTIMATE POINT ENGINE V0.7\PROJECTS\VS2010\DEBUG\HLDLL\INT\PYTHON.OBJ
C:\USERS\Константин\DESKTOP\UP\ULTIMATE POINT ENGINE\ULTIMATE POINT ENGINE V0.7\PROJECTS\VS2010\DEBUG\HLDLL\INT\RAT.OBJ
C:\Users\Константин\Desktop\UP\ULTIMATE POINT ENGINE\ULTIMATE POINT ENGINE V0.7\projects\vs2010\Debug\hldll\int\rc.command.1.tlog
C:\Users\Константин\Desktop\UP\ULTIMATE POINT ENGINE\ULTIMATE POINT ENGINE V0.7\projects\vs2010\Debug\hldll\int\rc.read.1.tlog
C:\Users\Константин\Desktop\UP\ULTIMATE POINT ENGINE\ULTIMATE POINT ENGINE V0.7\projects\vs2010\Debug\hldll\int\rc.write.1.tlog
C:\USERS\Константин\DESKTOP\UP\ULTIMATE POINT ENGINE\ULTIMATE POINT ENGINE V0.7\PROJECTS\VS2010\DEBUG\HLDLL\INT\ROACH.OBJ
C:\USERS\Константин\DESKTOP\UP\ULTIMATE POINT ENGINE\ULTIMATE POINT ENGINE V0.7\PROJECTS\VS2010\DEBUG\HLDLL\INT\RPG.OBJ
C:\USERS\Константин\DESKTOP\UP\ULTIMATE POINT ENGINE\ULTIMATE POINT ENGINE V0.7\PROJECTS\VS2010\DEBUG\HLDLL\INT\SATCHEL.OBJ
C:\USERS\Константин\DESKTOP\UP\ULTIMATE POINT ENGINE\ULTIMATE POINT ENGINE V0.7\PROJECTS\VS2010\DEBUG\HLDLL\INT\SCHEDULE.OBJ
C:\USERS\Константин\DESKTOP\UP\ULTIMATE POINT ENGINE\ULTIMATE POINT ENGINE V0.7\PROJECTS\VS2010\DEBUG\HLDLL\INT\SCIENTIST.OBJ
C:\USERS\Константин\DESKTOP\UP\ULTIMATE POINT ENGINE\ULTIMATE POINT ENGINE V0.7\PROJECTS\VS2010\DEBUG\HLDLL\INT\SCRIPTED.OBJ
C:\USERS\Константин\DESKTOP\UP\ULTIMATE POINT ENGINE\ULTIMATE POINT ENGINE V0.7\PROJECTS\VS2010\DEBUG\HLDLL\INT\SHOTGUN.OBJ
C:\USERS\Константин\DESKTOP\UP\ULTIMATE POINT ENGINE\ULTIMATE POINT ENGINE V0.7\PROJECTS\VS2010\DEBUG\HLDLL\INT\SINGLEPLAY_GAMERULES.OBJ
C:\USERS\Константин\DESKTOP\UP\ULTIMATE POINT ENGINE\ULTIMATE POINT ENGINE V0.7\PROJECTS\VS2010\DEBUG\HLDLL\INT\SKILL.OBJ
C:\USERS\Константин\DESKTOP\UP\ULTIMATE POINT ENGINE\ULTIMATE POINT ENGINE V0.7\PROJECTS\VS2010\DEBUG\HLDLL\INT\SOUND.OBJ
C:\USERS\Константин\DESKTOP\UP\ULTIMATE POINT ENGINE\ULTIMATE POINT ENGINE V0.7\PROJECTS\VS2010\DEBUG\HLDLL\INT\SOUNDENT.OBJ
C:\USERS\Константин\DESKTOP\UP\ULTIMATE POINT ENGINE\ULTIMATE POINT ENGINE V0.7\PROJECTS\VS2010\DEBUG\HLDLL\INT\SPECTATOR.OBJ
C:\USERS\Константин\DESKTOP\UP\ULTIMATE POINT ENGINE\ULTIMATE POINT ENGINE V0.7\PROJECTS\VS2010\DEBUG\HLDLL\INT\SQUADMONSTER.OBJ
C:\USERS\Константин\DESKTOP\UP\ULTIMATE POINT ENGINE\ULTIMATE POINT ENGINE V0.7\PROJECTS\VS2010\DEBUG\HLDLL\INT\SQUEAKGRENADE.OBJ
C:\USERS\Константин\DESKTOP\UP\ULTIMATE POINT ENGINE\ULTIMATE POINT ENGINE V0.7\PROJECTS\VS2010\DEBUG\HLDLL\INT\SUBS.OBJ
C:\USERS\Константин\DESKTOP\UP\ULTIMATE POINT ENGINE\ULTIMATE POINT ENGINE V0.7\PROJECTS\VS2010\DEBUG\HLDLL\INT\TALKMONSTER.OBJ
C:\USERS\Константин\DESKTOP\UP\ULTIMATE POINT ENGINE\ULTIMATE POINT ENGINE V0.7\PROJECTS\VS2010\DEBUG\HLDLL\INT\TEAMPLAY_GAMERULES.OBJ
C:\USERS\Константин\DESKTOP\UP\ULTIMATE POINT ENGINE\ULTIMATE POINT ENGINE V0.7\PROJECTS\VS2010\DEBUG\HLDLL\INT\TEMPMONSTER.OBJ
C:\USERS\Константин\DESKTOP\UP\ULTIMATE POINT ENGINE\ULTIMATE POINT ENGINE V0.7\PROJECTS\VS2010\DEBUG\HLDLL\INT\TENTACLE.OBJ
C:\USERS\Константин\DESKTOP\UP\ULTIMATE POINT ENGINE\ULTIMATE POINT ENGINE V0.7\PROJECTS\VS2010\DEBUG\HLDLL\INT\TRIGGERS.OBJ
C:\USERS\Константин\DESKTOP\UP\ULTIMATE POINT ENGINE\ULTIMATE POINT ENGINE V0.7\PROJECTS\VS2010\DEBUG\HLDLL\INT\TRIPMINE.OBJ
C:\USERS\Константин\DESKTOP\UP\ULTIMATE POINT ENGINE\ULTIMATE POINT ENGINE V0.7\PROJECTS\VS2010\DEBUG\HLDLL\INT\TURRET.OBJ
C:\USERS\Константин\DESKTOP\UP\ULTIMATE POINT ENGINE\ULTIMATE POINT ENGINE V0.7\PROJECTS\VS2010\DEBUG\HLDLL\INT\UTIL.OBJ
C:\Users\Константин\Desktop\UP\ULTIMATE POINT ENGINE\ULTIMATE POINT ENGINE V0.7\projects\vs2010\Debug\hldll\int\vc100.idb
C:\USERS\КОНСТАНТИН\DESKTOP\UP\ULTIMATE POINT ENGINE\ULTIMATE POINT ENGINE V0.7\PROJECTS\VS2010\DEBUG\HLDLL\INT\VC100.PDB
C:\USERS\Константин\DESKTOP\UP\ULTIMATE POINT ENGINE\ULTIMATE POINT ENGINE V0.7\PROJECTS\VS2010\DEBUG\HLDLL\INT\VOICE_GAMEMGR.OBJ
C:\USERS\Константин\DESKTOP\UP\ULTIMATE POINT ENGINE\ULTIMATE POINT ENGINE V0.7\PROJECTS\VS2010\DEBUG\HLDLL\INT\WEAPONS.OBJ
C:\USERS\Константин\DESKTOP\UP\ULTIMATE POINT ENGINE\ULTIMATE POINT ENGINE V0.7\PROJECTS\VS2010\DEBUG\HLDLL\INT\WORLD.OBJ
C:\USERS\Константин\DESKTOP\UP\ULTIMATE POINT ENGINE\ULTIMATE POINT ENGINE V0.7\PROJECTS\VS2010\DEBUG\HLDLL\INT\XEN.OBJ
C:\USERS\Константин\DESKTOP\UP\ULTIMATE POINT ENGINE\ULTIMATE POINT ENGINE V0.7\PROJECTS\VS2010\DEBUG\HLDLL\INT\ZOMBIE.OBJ
