Построение начато 02.05.2019 18:37:35.
     1>Проект "C:\Users\Константин\Desktop\UP\ULTIMATE POINT ENGINE\ULTIMATE POINT ENGINE V0.8\projects\vs2010\hldll.vcxproj" в узле 2 (целевые объекты build).
     1>C:\Program Files (x86)\MSBuild\Microsoft.Cpp\v4.0\Microsoft.CppBuild.targets(299,5): warning MSB8004: каталог Output заканчивается не косой чертой.  Этот экземпляр построения добавит косую черту, поскольку она необходима для правильного определения каталога Output.
     1>InitializeBuildStatus:
         Обращение к "Debug\hldll\int\hldll.unsuccessfulbuild".
       ClCompile:
         C:\Program Files (x86)\Microsoft Visual Studio 10.0\VC\bin\CL.exe /c /I..\..\dlls /I..\..\engine /I..\..\common /I..\..\pm_shared /I..\..\game_shared /I..\..\public /ZI /nologo /W3 /WX- /Od /Oy- /D WIN32 /D _DEBUG /D _WINDOWS /D QUIVER /D VOXEL /D QUAKE2 /D VALVE_DLL /D CLIENT_WEAPONS /D _WINDLL /Gm /EHsc /RTC1 /MTd /GS /fp:precise /Zc:wchar_t /Zc:forScope /GR /Fo"Debug\hldll\int\\" /Fd"Debug\hldll\int\vc100.pdb" /Gd /TP /analyze- /errorReport:prompt ..\..\game_shared\voice_gamemgr.cpp customize.cpp deagle.cpp diablo.cpp genericitem.cpp glock.cpp isotopebox.cpp model.cpp mrfriendly.cpp playermonster.cpp
         playermonster.cpp
         mrfriendly.cpp
     1>c:\users\константин\desktop\up\ultimate point engine\ultimate point engine v0.8\projects\vs2010\mrfriendly.cpp(901): warning C4065: оператор switch содержит метку "default", но не содержит ни одной метки "case"
         model.cpp
         isotopebox.cpp
         glock.cpp
         genericitem.cpp
         diablo.cpp
     1>c:\users\константин\desktop\up\ultimate point engine\ultimate point engine v0.8\projects\vs2010\diablo.cpp(202): warning C4065: оператор switch содержит метку "default", но не содержит ни одной метки "case"
         deagle.cpp
         customize.cpp
         voice_gamemgr.cpp
     1>c:\users\константин\desktop\up\ultimate point engine\ultimate point engine v0.8\game_shared\voice_gamemgr.cpp(57): warning C4996: 'stricmp': The POSIX name for this item is deprecated. Instead, use the ISO C++ conformant name: _stricmp. See online help for details.
                 c:\program files (x86)\microsoft visual studio 10.0\vc\include\string.h(246): см. объявление "stricmp"
     1>c:\users\константин\desktop\up\ultimate point engine\ultimate point engine v0.8\game_shared\voice_gamemgr.cpp(77): warning C4996: '_vsnprintf': This function or variable may be unsafe. Consider using _vsnprintf_s instead. To disable deprecation, use _CRT_SECURE_NO_WARNINGS. See online help for details.
                 c:\program files (x86)\microsoft visual studio 10.0\vc\include\stdio.h(363): см. объявление "_vsnprintf"
     1>c:\users\константин\desktop\up\ultimate point engine\ultimate point engine v0.8\game_shared\voice_gamemgr.cpp(177): warning C4996: 'stricmp': The POSIX name for this item is deprecated. Instead, use the ISO C++ conformant name: _stricmp. See online help for details.
                 c:\program files (x86)\microsoft visual studio 10.0\vc\include\string.h(246): см. объявление "stricmp"
     1>c:\users\константин\desktop\up\ultimate point engine\ultimate point engine v0.8\game_shared\voice_gamemgr.cpp(183): warning C4996: 'sscanf': This function or variable may be unsafe. Consider using sscanf_s instead. To disable deprecation, use _CRT_SECURE_NO_WARNINGS. See online help for details.
                 c:\program files (x86)\microsoft visual studio 10.0\vc\include\stdio.h(325): см. объявление "sscanf"
     1>c:\users\константин\desktop\up\ultimate point engine\ultimate point engine v0.8\game_shared\voice_gamemgr.cpp(200): warning C4996: 'stricmp': The POSIX name for this item is deprecated. Instead, use the ISO C++ conformant name: _stricmp. See online help for details.
                 c:\program files (x86)\microsoft visual studio 10.0\vc\include\string.h(246): см. объявление "stricmp"
         Создание кода...
         Для всех выходных данных обновления не требуется.
       ManifestResourceCompile:
         Для всех выходных данных обновления не требуется.
       Link:
         C:\Program Files (x86)\Microsoft Visual Studio 10.0\VC\bin\link.exe /ERRORREPORT:PROMPT /OUT:"C:\Program Files (x86)\Steam\steamapps\common\Half-Life\ultimatepoint\dlls\ee.dll" /INCREMENTAL /NOLOGO kernel32.lib user32.lib gdi32.lib winspool.lib comdlg32.lib advapi32.lib shell32.lib ole32.lib oleaut32.lib uuid.lib odbc32.lib odbccp32.lib /DEF:"C:\Users\Константин\Desktop\UP\ULTIMATE POINT ENGINE\ULTIMATE POINT ENGINE V0.8\projects\vs2010\..\..\dlls\hl.def" /MANIFEST /ManifestFile:"Debug\hldll\int\ee.dll.intermediate.manifest" /MANIFESTUAC:"level='asInvoker' uiAccess='false'" /DEBUG /PDB:"C:\Program Files (x86)\Steam\steamapps\common\Half-Life\ultimatepoint\dlls\ee.pdb" /SUBSYSTEM:WINDOWS /TLBID:1 /DYNAMICBASE /NXCOMPAT /IMPLIB:"C:\Program Files (x86)\Steam\steamapps\common\Half-Life\ultimatepoint\dlls\ee.lib" /MACHINE:X86 /DLL Debug\hldll\int\ee.dll.embed.manifest.res
         Debug\hldll\int\aflock.obj
         Debug\hldll\int\agrunt.obj
         Debug\hldll\int\airtank.obj
         Debug\hldll\int\animating.obj
         Debug\hldll\int\animation.obj
         Debug\hldll\int\apache.obj
         Debug\hldll\int\barnacle.obj
         Debug\hldll\int\barney.obj
         Debug\hldll\int\bigmomma.obj
         Debug\hldll\int\bloater.obj
         Debug\hldll\int\bmodels.obj
         Debug\hldll\int\bullsquid.obj
         Debug\hldll\int\buttons.obj
         Debug\hldll\int\cbase.obj
         Debug\hldll\int\client.obj
         Debug\hldll\int\combat.obj
         Debug\hldll\int\controller.obj
         Debug\hldll\int\crossbow.obj
         Debug\hldll\int\crowbar.obj
         Debug\hldll\int\defaultai.obj
         Debug\hldll\int\doors.obj
         Debug\hldll\int\effects.obj
         Debug\hldll\int\egon.obj
         Debug\hldll\int\explode.obj
         Debug\hldll\int\flyingmonster.obj
         Debug\hldll\int\func_break.obj
         Debug\hldll\int\func_tank.obj
         Debug\hldll\int\game.obj
         Debug\hldll\int\gamerules.obj
         Debug\hldll\int\gargantua.obj
         Debug\hldll\int\gauss.obj
         Debug\hldll\int\genericmonster.obj
         Debug\hldll\int\ggrenade.obj
         Debug\hldll\int\globals.obj
         Debug\hldll\int\gman.obj
         Debug\hldll\int\handgrenade.obj
         Debug\hldll\int\hassassin.obj
         Debug\hldll\int\headcrab.obj
         Debug\hldll\int\healthkit.obj
         Debug\hldll\int\hgrunt.obj
         Debug\hldll\int\hornet.obj
         Debug\hldll\int\hornetgun.obj
         Debug\hldll\int\houndeye.obj
         Debug\hldll\int\h_ai.obj
         Debug\hldll\int\h_battery.obj
         Debug\hldll\int\h_cine.obj
         Debug\hldll\int\h_cycler.obj
         Debug\hldll\int\h_export.obj
         Debug\hldll\int\ichthyosaur.obj
         Debug\hldll\int\islave.obj
         Debug\hldll\int\items.obj
         Debug\hldll\int\leech.obj
         Debug\hldll\int\lights.obj
         Debug\hldll\int\maprules.obj
         Debug\hldll\int\monstermaker.obj
         Debug\hldll\int\monsters.obj
         Debug\hldll\int\monsterstate.obj
         Debug\hldll\int\mortar.obj
         Debug\hldll\int\mp5.obj
         Debug\hldll\int\multiplay_gamerules.obj
         Debug\hldll\int\nihilanth.obj
         Debug\hldll\int\nodes.obj
         Debug\hldll\int\observer.obj
         Debug\hldll\int\osprey.obj
         Debug\hldll\int\pathcorner.obj
         Debug\hldll\int\plane.obj
         Debug\hldll\int\plats.obj
         Debug\hldll\int\player.obj
         Debug\hldll\int\python.obj
         Debug\hldll\int\rat.obj
         Debug\hldll\int\roach.obj
         Debug\hldll\int\rpg.obj
         Debug\hldll\int\satchel.obj
         Debug\hldll\int\schedule.obj
         Debug\hldll\int\scientist.obj
         Debug\hldll\int\scripted.obj
         Debug\hldll\int\shotgun.obj
         Debug\hldll\int\singleplay_gamerules.obj
         Debug\hldll\int\skill.obj
         Debug\hldll\int\sound.obj
         Debug\hldll\int\soundent.obj
         Debug\hldll\int\spectator.obj
         Debug\hldll\int\squadmonster.obj
         Debug\hldll\int\squeakgrenade.obj
         Debug\hldll\int\subs.obj
         Debug\hldll\int\talkmonster.obj
         Debug\hldll\int\teamplay_gamerules.obj
         Debug\hldll\int\tempmonster.obj
         Debug\hldll\int\tentacle.obj
         Debug\hldll\int\triggers.obj
         Debug\hldll\int\tripmine.obj
         Debug\hldll\int\turret.obj
         Debug\hldll\int\util.obj
         Debug\hldll\int\weapons.obj
         Debug\hldll\int\world.obj
         Debug\hldll\int\xen.obj
         Debug\hldll\int\zombie.obj
         Debug\hldll\int\voice_gamemgr.obj
         Debug\hldll\int\pm_debug.obj
         Debug\hldll\int\pm_math.obj
         Debug\hldll\int\pm_shared.obj
         Debug\hldll\int\customize.obj
         Debug\hldll\int\deagle.obj
         Debug\hldll\int\diablo.obj
         Debug\hldll\int\genericitem.obj
         Debug\hldll\int\glock.obj
         Debug\hldll\int\mirror.obj
         Debug\hldll\int\model.obj
         Debug\hldll\int\isotopebox.obj
         Debug\hldll\int\mrfriendly.obj
         Debug\hldll\int\playermonster.obj
         Debug\hldll\int\saw.obj
       Manifest:
         C:\Program Files (x86)\Microsoft SDKs\Windows\v7.0A\bin\mt.exe /nologo /verbose /out:"Debug\hldll\int\ee.dll.embed.manifest" /manifest Debug\hldll\int\ee.dll.intermediate.manifest
         Для всех выходных данных обновления не требуется.
       LinkEmbedManifest:
         Для всех выходных данных обновления не требуется.
         hldll.vcxproj -> C:\Program Files (x86)\Steam\steamapps\common\Half-Life\ultimatepoint\dlls\ee.dll
       FinalizeBuildStatus:
         Файл "Debug\hldll\int\hldll.unsuccessfulbuild" удаляется.
         Обращение к "Debug\hldll\int\hldll.lastbuildstate".
     1>Построение проекта "C:\Users\Константин\Desktop\UP\ULTIMATE POINT ENGINE\ULTIMATE POINT ENGINE V0.8\projects\vs2010\hldll.vcxproj" завершено (целевые объекты build).

Построение успешно завершено.

Затраченное время: 00:00:05.49
